[2024-06-15 22:30:33] production.ERROR: No arguments expected for "migrate:fresh" command, got "db:seed". {"exception":"[object] (Symfony\\Component\\Console\\Exception\\RuntimeException(code: 0): No arguments expected for \"migrate:fresh\" command, got \"db:seed\". at /Users/josephdalughut/Workspace/Projects/Portfolio/newportfolio/portfolio/vendor/symfony/console/Input/ArgvInput.php:193)
[stacktrace]
#0 /Users/josephdalughut/Workspace/Projects/Portfolio/newportfolio/portfolio/vendor/symfony/console/Input/ArgvInput.php(86): Symfony\\Component\\Console\\Input\\ArgvInput->parseArgument('db:seed')
#1 /Users/josephdalughut/Workspace/Projects/Portfolio/newportfolio/portfolio/vendor/symfony/console/Input/ArgvInput.php(71): Symfony\\Component\\Console\\Input\\ArgvInput->parseToken('db:seed', true)
#2 /Users/josephdalughut/Workspace/Projects/Portfolio/newportfolio/portfolio/vendor/symfony/console/Input/Input.php(53): Symfony\\Component\\Console\\Input\\ArgvInput->parse()
#3 /Users/josephdalughut/Workspace/Projects/Portfolio/newportfolio/portfolio/vendor/symfony/console/Command/Command.php(238): Symfony\\Component\\Console\\Input\\Input->bind(Object(Symfony\\Component\\Console\\Input\\InputDefinition))
#4 /Users/josephdalughut/Workspace/Projects/Portfolio/newportfolio/portfolio/vendor/laravel/framework/src/Illuminate/Console/Command.php(182): Symfony\\Component\\Console\\Command\\Command->run(Object(Symfony\\Component\\Console\\Input\\ArgvInput), Object(Illuminate\\Console\\OutputStyle))
#5 /Users/josephdalughut/Workspace/Projects/Portfolio/newportfolio/portfolio/vendor/symfony/console/Application.php(1047): Illuminate\\Console\\Command->run(Object(Symfony\\Component\\Console\\Input\\ArgvInput), Object(Symfony\\Component\\Console\\Output\\ConsoleOutput))
#6 /Users/josephdalughut/Workspace/Projects/Portfolio/newportfolio/portfolio/vendor/symfony/console/Application.php(316): Symfony\\Component\\Console\\Application->doRunCommand(Object(Illuminate\\Database\\Console\\Migrations\\FreshCommand), Object(Symfony\\Component\\Console\\Input\\ArgvInput), Object(Symfony\\Component\\Console\\Output\\ConsoleOutput))
#7 /Users/josephdalughut/Workspace/Projects/Portfolio/newportfolio/portfolio/vendor/symfony/console/Application.php(167): Symfony\\Component\\Console\\Application->doRun(Object(Symfony\\Component\\Console\\Input\\ArgvInput), Object(Symfony\\Component\\Console\\Output\\ConsoleOutput))
#8 /Users/josephdalughut/Workspace/Projects/Portfolio/newportfolio/portfolio/vendor/laravel/framework/src/Illuminate/Foundation/Console/Kernel.php(196): Symfony\\Component\\Console\\Application->run(Object(Symfony\\Component\\Console\\Input\\ArgvInput), Object(Symfony\\Component\\Console\\Output\\ConsoleOutput))
#9 /Users/josephdalughut/Workspace/Projects/Portfolio/newportfolio/portfolio/artisan(35): Illuminate\\Foundation\\Console\\Kernel->handle(Object(Symfony\\Component\\Console\\Input\\ArgvInput), Object(Symfony\\Component\\Console\\Output\\ConsoleOutput))
#10 {main}
"} 
[2024-06-15 22:30:48] production.ERROR: SQLSTATE[HY000] [1044] Access denied for user ''@'localhost' to database 'forge' (Connection: mysql, SQL: select table_name as `name`, (data_length + index_length) as `size`, table_comment as `comment`, engine as `engine`, table_collation as `collation` from information_schema.tables where table_schema = 'forge' and table_type in ('BASE TABLE', 'SYSTEM VERSIONED') order by table_name) {"exception":"[object] (Illuminate\\Database\\QueryException(code: 1044): SQLSTATE[HY000] [1044] Access denied for user ''@'localhost' to database 'forge' (Connection: mysql, SQL: select table_name as `name`, (data_length + index_length) as `size`, table_comment as `comment`, engine as `engine`, table_collation as `collation` from information_schema.tables where table_schema = 'forge' and table_type in ('BASE TABLE', 'SYSTEM VERSIONED') order by table_name) at /Users/josephdalughut/Workspace/Projects/Portfolio/newportfolio/portfolio/vendor/laravel/framework/src/Illuminate/Database/Connection.php:813)
[stacktrace]
#0 /Users/josephdalughut/Workspace/Projects/Portfolio/newportfolio/portfolio/vendor/laravel/framework/src/Illuminate/Database/Connection.php(767): Illuminate\\Database\\Connection->runQueryCallback('select table_na...', Array, Object(Closure))
#1 /Users/josephdalughut/Workspace/Projects/Portfolio/newportfolio/portfolio/vendor/laravel/framework/src/Illuminate/Database/Connection.php(398): Illuminate\\Database\\Connection->run('select table_na...', Array, Object(Closure))
#2 /Users/josephdalughut/Workspace/Projects/Portfolio/newportfolio/portfolio/vendor/laravel/framework/src/Illuminate/Database/Connection.php(385): Illuminate\\Database\\Connection->select('select table_na...', Array, false)
#3 /Users/josephdalughut/Workspace/Projects/Portfolio/newportfolio/portfolio/vendor/laravel/framework/src/Illuminate/Database/Schema/MySqlBuilder.php(41): Illuminate\\Database\\Connection->selectFromWriteConnection('select table_na...')
#4 /Users/josephdalughut/Workspace/Projects/Portfolio/newportfolio/portfolio/vendor/laravel/framework/src/Illuminate/Database/Schema/Builder.php(147): Illuminate\\Database\\Schema\\MySqlBuilder->getTables(false)
#5 /Users/josephdalughut/Workspace/Projects/Portfolio/newportfolio/portfolio/vendor/laravel/framework/src/Illuminate/Database/Migrations/DatabaseMigrationRepository.php(184): Illuminate\\Database\\Schema\\Builder->hasTable('migrations')
#6 /Users/josephdalughut/Workspace/Projects/Portfolio/newportfolio/portfolio/vendor/laravel/framework/src/Illuminate/Database/Migrations/Migrator.php(683): Illuminate\\Database\\Migrations\\DatabaseMigrationRepository->repositoryExists()
#7 /Users/josephdalughut/Workspace/Projects/Portfolio/newportfolio/portfolio/vendor/laravel/framework/src/Illuminate/Database/Console/Migrations/FreshCommand.php(68): Illuminate\\Database\\Migrations\\Migrator->repositoryExists()
#8 /Users/josephdalughut/Workspace/Projects/Portfolio/newportfolio/portfolio/vendor/laravel/framework/src/Illuminate/Database/Migrations/Migrator.php(616): Illuminate\\Database\\Console\\Migrations\\FreshCommand->Illuminate\\Database\\Console\\Migrations\\{closure}()
#9 /Users/josephdalughut/Workspace/Projects/Portfolio/newportfolio/portfolio/vendor/laravel/framework/src/Illuminate/Database/Console/Migrations/FreshCommand.php(67): Illuminate\\Database\\Migrations\\Migrator->usingConnection(NULL, Object(Closure))
#10 /Users/josephdalughut/Workspace/Projects/Portfolio/newportfolio/portfolio/vendor/laravel/framework/src/Illuminate/Container/BoundMethod.php(36): Illuminate\\Database\\Console\\Migrations\\FreshCommand->handle()
#11 /Users/josephdalughut/Workspace/Projects/Portfolio/newportfolio/portfolio/vendor/laravel/framework/src/Illuminate/Container/Util.php(41): Illuminate\\Container\\BoundMethod::Illuminate\\Container\\{closure}()
#12 /Users/josephdalughut/Workspace/Projects/Portfolio/newportfolio/portfolio/vendor/laravel/framework/src/Illuminate/Container/BoundMethod.php(93): Illuminate\\Container\\Util::unwrapIfClosure(Object(Closure))
#13 /Users/josephdalughut/Workspace/Projects/Portfolio/newportfolio/portfolio/vendor/laravel/framework/src/Illuminate/Container/BoundMethod.php(35): Illuminate\\Container\\BoundMethod::callBoundMethod(Object(Illuminate\\Foundation\\Application), Array, Object(Closure))
#14 /Users/josephdalughut/Workspace/Projects/Portfolio/newportfolio/portfolio/vendor/laravel/framework/src/Illuminate/Container/Container.php(662): Illuminate\\Container\\BoundMethod::call(Object(Illuminate\\Foundation\\Application), Array, Array, NULL)
#15 /Users/josephdalughut/Workspace/Projects/Portfolio/newportfolio/portfolio/vendor/laravel/framework/src/Illuminate/Console/Command.php(213): Illuminate\\Container\\Container->call(Array)
#16 /Users/josephdalughut/Workspace/Projects/Portfolio/newportfolio/portfolio/vendor/symfony/console/Command/Command.php(279): Illuminate\\Console\\Command->execute(Object(Symfony\\Component\\Console\\Input\\ArgvInput), Object(Illuminate\\Console\\OutputStyle))
#17 /Users/josephdalughut/Workspace/Projects/Portfolio/newportfolio/portfolio/vendor/laravel/framework/src/Illuminate/Console/Command.php(182): Symfony\\Component\\Console\\Command\\Command->run(Object(Symfony\\Component\\Console\\Input\\ArgvInput), Object(Illuminate\\Console\\OutputStyle))
#18 /Users/josephdalughut/Workspace/Projects/Portfolio/newportfolio/portfolio/vendor/symfony/console/Application.php(1047): Illuminate\\Console\\Command->run(Object(Symfony\\Component\\Console\\Input\\ArgvInput), Object(Symfony\\Component\\Console\\Output\\ConsoleOutput))
#19 /Users/josephdalughut/Workspace/Projects/Portfolio/newportfolio/portfolio/vendor/symfony/console/Application.php(316): Symfony\\Component\\Console\\Application->doRunCommand(Object(Illuminate\\Database\\Console\\Migrations\\FreshCommand), Object(Symfony\\Component\\Console\\Input\\ArgvInput), Object(Symfony\\Component\\Console\\Output\\ConsoleOutput))
#20 /Users/josephdalughut/Workspace/Projects/Portfolio/newportfolio/portfolio/vendor/symfony/console/Application.php(167): Symfony\\Component\\Console\\Application->doRun(Object(Symfony\\Component\\Console\\Input\\ArgvInput), Object(Symfony\\Component\\Console\\Output\\ConsoleOutput))
#21 /Users/josephdalughut/Workspace/Projects/Portfolio/newportfolio/portfolio/vendor/laravel/framework/src/Illuminate/Foundation/Console/Kernel.php(196): Symfony\\Component\\Console\\Application->run(Object(Symfony\\Component\\Console\\Input\\ArgvInput), Object(Symfony\\Component\\Console\\Output\\ConsoleOutput))
#22 /Users/josephdalughut/Workspace/Projects/Portfolio/newportfolio/portfolio/artisan(35): Illuminate\\Foundation\\Console\\Kernel->handle(Object(Symfony\\Component\\Console\\Input\\ArgvInput), Object(Symfony\\Component\\Console\\Output\\ConsoleOutput))
#23 {main}

[previous exception] [object] (PDOException(code: 1044): SQLSTATE[HY000] [1044] Access denied for user ''@'localhost' to database 'forge' at /Users/josephdalughut/Workspace/Projects/Portfolio/newportfolio/portfolio/vendor/laravel/framework/src/Illuminate/Database/Connectors/Connector.php:65)
[stacktrace]
#0 /Users/josephdalughut/Workspace/Projects/Portfolio/newportfolio/portfolio/vendor/laravel/framework/src/Illuminate/Database/Connectors/Connector.php(65): PDO->__construct('mysql:host=127....', 'forge', Object(SensitiveParameterValue), Array)
#1 /Users/josephdalughut/Workspace/Projects/Portfolio/newportfolio/portfolio/vendor/laravel/framework/src/Illuminate/Database/Connectors/Connector.php(44): Illuminate\\Database\\Connectors\\Connector->createPdoConnection('mysql:host=127....', 'forge', '', Array)
#2 /Users/josephdalughut/Workspace/Projects/Portfolio/newportfolio/portfolio/vendor/laravel/framework/src/Illuminate/Database/Connectors/MySqlConnector.php(24): Illuminate\\Database\\Connectors\\Connector->createConnection('mysql:host=127....', Array, Array)
#3 /Users/josephdalughut/Workspace/Projects/Portfolio/newportfolio/portfolio/vendor/laravel/framework/src/Illuminate/Database/Connectors/ConnectionFactory.php(185): Illuminate\\Database\\Connectors\\MySqlConnector->connect(Array)
#4 [internal function]: Illuminate\\Database\\Connectors\\ConnectionFactory->Illuminate\\Database\\Connectors\\{closure}()
#5 /Users/josephdalughut/Workspace/Projects/Portfolio/newportfolio/portfolio/vendor/laravel/framework/src/Illuminate/Database/Connection.php(1219): call_user_func(Object(Closure))
#6 /Users/josephdalughut/Workspace/Projects/Portfolio/newportfolio/portfolio/vendor/laravel/framework/src/Illuminate/Database/Connection.php(512): Illuminate\\Database\\Connection->getPdo()
#7 /Users/josephdalughut/Workspace/Projects/Portfolio/newportfolio/portfolio/vendor/laravel/framework/src/Illuminate/Database/Connection.php(407): Illuminate\\Database\\Connection->getPdoForSelect(false)
#8 /Users/josephdalughut/Workspace/Projects/Portfolio/newportfolio/portfolio/vendor/laravel/framework/src/Illuminate/Database/Connection.php(800): Illuminate\\Database\\Connection->Illuminate\\Database\\{closure}('select table_na...', Array)
#9 /Users/josephdalughut/Workspace/Projects/Portfolio/newportfolio/portfolio/vendor/laravel/framework/src/Illuminate/Database/Connection.php(767): Illuminate\\Database\\Connection->runQueryCallback('select table_na...', Array, Object(Closure))
#10 /Users/josephdalughut/Workspace/Projects/Portfolio/newportfolio/portfolio/vendor/laravel/framework/src/Illuminate/Database/Connection.php(398): Illuminate\\Database\\Connection->run('select table_na...', Array, Object(Closure))
#11 /Users/josephdalughut/Workspace/Projects/Portfolio/newportfolio/portfolio/vendor/laravel/framework/src/Illuminate/Database/Connection.php(385): Illuminate\\Database\\Connection->select('select table_na...', Array, false)
#12 /Users/josephdalughut/Workspace/Projects/Portfolio/newportfolio/portfolio/vendor/laravel/framework/src/Illuminate/Database/Schema/MySqlBuilder.php(41): Illuminate\\Database\\Connection->selectFromWriteConnection('select table_na...')
#13 /Users/josephdalughut/Workspace/Projects/Portfolio/newportfolio/portfolio/vendor/laravel/framework/src/Illuminate/Database/Schema/Builder.php(147): Illuminate\\Database\\Schema\\MySqlBuilder->getTables(false)
#14 /Users/josephdalughut/Workspace/Projects/Portfolio/newportfolio/portfolio/vendor/laravel/framework/src/Illuminate/Database/Migrations/DatabaseMigrationRepository.php(184): Illuminate\\Database\\Schema\\Builder->hasTable('migrations')
#15 /Users/josephdalughut/Workspace/Projects/Portfolio/newportfolio/portfolio/vendor/laravel/framework/src/Illuminate/Database/Migrations/Migrator.php(683): Illuminate\\Database\\Migrations\\DatabaseMigrationRepository->repositoryExists()
#16 /Users/josephdalughut/Workspace/Projects/Portfolio/newportfolio/portfolio/vendor/laravel/framework/src/Illuminate/Database/Console/Migrations/FreshCommand.php(68): Illuminate\\Database\\Migrations\\Migrator->repositoryExists()
#17 /Users/josephdalughut/Workspace/Projects/Portfolio/newportfolio/portfolio/vendor/laravel/framework/src/Illuminate/Database/Migrations/Migrator.php(616): Illuminate\\Database\\Console\\Migrations\\FreshCommand->Illuminate\\Database\\Console\\Migrations\\{closure}()
#18 /Users/josephdalughut/Workspace/Projects/Portfolio/newportfolio/portfolio/vendor/laravel/framework/src/Illuminate/Database/Console/Migrations/FreshCommand.php(67): Illuminate\\Database\\Migrations\\Migrator->usingConnection(NULL, Object(Closure))
#19 /Users/josephdalughut/Workspace/Projects/Portfolio/newportfolio/portfolio/vendor/laravel/framework/src/Illuminate/Container/BoundMethod.php(36): Illuminate\\Database\\Console\\Migrations\\FreshCommand->handle()
#20 /Users/josephdalughut/Workspace/Projects/Portfolio/newportfolio/portfolio/vendor/laravel/framework/src/Illuminate/Container/Util.php(41): Illuminate\\Container\\BoundMethod::Illuminate\\Container\\{closure}()
#21 /Users/josephdalughut/Workspace/Projects/Portfolio/newportfolio/portfolio/vendor/laravel/framework/src/Illuminate/Container/BoundMethod.php(93): Illuminate\\Container\\Util::unwrapIfClosure(Object(Closure))
#22 /Users/josephdalughut/Workspace/Projects/Portfolio/newportfolio/portfolio/vendor/laravel/framework/src/Illuminate/Container/BoundMethod.php(35): Illuminate\\Container\\BoundMethod::callBoundMethod(Object(Illuminate\\Foundation\\Application), Array, Object(Closure))
#23 /Users/josephdalughut/Workspace/Projects/Portfolio/newportfolio/portfolio/vendor/laravel/framework/src/Illuminate/Container/Container.php(662): Illuminate\\Container\\BoundMethod::call(Object(Illuminate\\Foundation\\Application), Array, Array, NULL)
#24 /Users/josephdalughut/Workspace/Projects/Portfolio/newportfolio/portfolio/vendor/laravel/framework/src/Illuminate/Console/Command.php(213): Illuminate\\Container\\Container->call(Array)
#25 /Users/josephdalughut/Workspace/Projects/Portfolio/newportfolio/portfolio/vendor/symfony/console/Command/Command.php(279): Illuminate\\Console\\Command->execute(Object(Symfony\\Component\\Console\\Input\\ArgvInput), Object(Illuminate\\Console\\OutputStyle))
#26 /Users/josephdalughut/Workspace/Projects/Portfolio/newportfolio/portfolio/vendor/laravel/framework/src/Illuminate/Console/Command.php(182): Symfony\\Component\\Console\\Command\\Command->run(Object(Symfony\\Component\\Console\\Input\\ArgvInput), Object(Illuminate\\Console\\OutputStyle))
#27 /Users/josephdalughut/Workspace/Projects/Portfolio/newportfolio/portfolio/vendor/symfony/console/Application.php(1047): Illuminate\\Console\\Command->run(Object(Symfony\\Component\\Console\\Input\\ArgvInput), Object(Symfony\\Component\\Console\\Output\\ConsoleOutput))
#28 /Users/josephdalughut/Workspace/Projects/Portfolio/newportfolio/portfolio/vendor/symfony/console/Application.php(316): Symfony\\Component\\Console\\Application->doRunCommand(Object(Illuminate\\Database\\Console\\Migrations\\FreshCommand), Object(Symfony\\Component\\Console\\Input\\ArgvInput), Object(Symfony\\Component\\Console\\Output\\ConsoleOutput))
#29 /Users/josephdalughut/Workspace/Projects/Portfolio/newportfolio/portfolio/vendor/symfony/console/Application.php(167): Symfony\\Component\\Console\\Application->doRun(Object(Symfony\\Component\\Console\\Input\\ArgvInput), Object(Symfony\\Component\\Console\\Output\\ConsoleOutput))
#30 /Users/josephdalughut/Workspace/Projects/Portfolio/newportfolio/portfolio/vendor/laravel/framework/src/Illuminate/Foundation/Console/Kernel.php(196): Symfony\\Component\\Console\\Application->run(Object(Symfony\\Component\\Console\\Input\\ArgvInput), Object(Symfony\\Component\\Console\\Output\\ConsoleOutput))
#31 /Users/josephdalughut/Workspace/Projects/Portfolio/newportfolio/portfolio/artisan(35): Illuminate\\Foundation\\Console\\Kernel->handle(Object(Symfony\\Component\\Console\\Input\\ArgvInput), Object(Symfony\\Component\\Console\\Output\\ConsoleOutput))
#32 {main}
"} 
[2024-06-15 22:32:30] development.ERROR: file_get_contents(database/seeders/meta.json): Failed to open stream: No such file or directory {"exception":"[object] (ErrorException(code: 0): file_get_contents(database/seeders/meta.json): Failed to open stream: No such file or directory at /Users/josephdalughut/Workspace/Projects/Portfolio/newportfolio/portfolio/database/seeds/MetaSeeder.php:18)
[stacktrace]
#0 /Users/josephdalughut/Workspace/Projects/Portfolio/newportfolio/portfolio/vendor/laravel/framework/src/Illuminate/Foundation/Bootstrap/HandleExceptions.php(256): Illuminate\\Foundation\\Bootstrap\\HandleExceptions->handleError(2, 'file_get_conten...', '/Users/josephda...', 18)
#1 [internal function]: Illuminate\\Foundation\\Bootstrap\\HandleExceptions->Illuminate\\Foundation\\Bootstrap\\{closure}(2, 'file_get_conten...', '/Users/josephda...', 18)
#2 /Users/josephdalughut/Workspace/Projects/Portfolio/newportfolio/portfolio/database/seeds/MetaSeeder.php(18): file_get_contents('database/seeder...')
#3 /Users/josephdalughut/Workspace/Projects/Portfolio/newportfolio/portfolio/vendor/laravel/framework/src/Illuminate/Container/BoundMethod.php(36): Database\\Seeders\\MetaSeeder->run()
#4 /Users/josephdalughut/Workspace/Projects/Portfolio/newportfolio/portfolio/vendor/laravel/framework/src/Illuminate/Container/Util.php(41): Illuminate\\Container\\BoundMethod::Illuminate\\Container\\{closure}()
#5 /Users/josephdalughut/Workspace/Projects/Portfolio/newportfolio/portfolio/vendor/laravel/framework/src/Illuminate/Container/BoundMethod.php(93): Illuminate\\Container\\Util::unwrapIfClosure(Object(Closure))
#6 /Users/josephdalughut/Workspace/Projects/Portfolio/newportfolio/portfolio/vendor/laravel/framework/src/Illuminate/Container/BoundMethod.php(35): Illuminate\\Container\\BoundMethod::callBoundMethod(Object(Illuminate\\Foundation\\Application), Array, Object(Closure))
#7 /Users/josephdalughut/Workspace/Projects/Portfolio/newportfolio/portfolio/vendor/laravel/framework/src/Illuminate/Container/Container.php(662): Illuminate\\Container\\BoundMethod::call(Object(Illuminate\\Foundation\\Application), Array, Array, NULL)
#8 /Users/josephdalughut/Workspace/Projects/Portfolio/newportfolio/portfolio/vendor/laravel/framework/src/Illuminate/Database/Seeder.php(184): Illuminate\\Container\\Container->call(Array, Array)
#9 /Users/josephdalughut/Workspace/Projects/Portfolio/newportfolio/portfolio/vendor/laravel/framework/src/Illuminate/Database/Seeder.php(193): Illuminate\\Database\\Seeder->Illuminate\\Database\\{closure}()
#10 /Users/josephdalughut/Workspace/Projects/Portfolio/newportfolio/portfolio/vendor/laravel/framework/src/Illuminate/Database/Seeder.php(61): Illuminate\\Database\\Seeder->__invoke(Array)
#11 /Users/josephdalughut/Workspace/Projects/Portfolio/newportfolio/portfolio/database/seeds/DatabaseSeeder.php(18): Illuminate\\Database\\Seeder->call('Database\\\\Seeder...')
#12 /Users/josephdalughut/Workspace/Projects/Portfolio/newportfolio/portfolio/vendor/laravel/framework/src/Illuminate/Container/BoundMethod.php(36): Database\\Seeders\\DatabaseSeeder->run()
#13 /Users/josephdalughut/Workspace/Projects/Portfolio/newportfolio/portfolio/vendor/laravel/framework/src/Illuminate/Container/Util.php(41): Illuminate\\Container\\BoundMethod::Illuminate\\Container\\{closure}()
#14 /Users/josephdalughut/Workspace/Projects/Portfolio/newportfolio/portfolio/vendor/laravel/framework/src/Illuminate/Container/BoundMethod.php(93): Illuminate\\Container\\Util::unwrapIfClosure(Object(Closure))
#15 /Users/josephdalughut/Workspace/Projects/Portfolio/newportfolio/portfolio/vendor/laravel/framework/src/Illuminate/Container/BoundMethod.php(35): Illuminate\\Container\\BoundMethod::callBoundMethod(Object(Illuminate\\Foundation\\Application), Array, Object(Closure))
#16 /Users/josephdalughut/Workspace/Projects/Portfolio/newportfolio/portfolio/vendor/laravel/framework/src/Illuminate/Container/Container.php(662): Illuminate\\Container\\BoundMethod::call(Object(Illuminate\\Foundation\\Application), Array, Array, NULL)
#17 /Users/josephdalughut/Workspace/Projects/Portfolio/newportfolio/portfolio/vendor/laravel/framework/src/Illuminate/Database/Seeder.php(184): Illuminate\\Container\\Container->call(Array, Array)
#18 /Users/josephdalughut/Workspace/Projects/Portfolio/newportfolio/portfolio/vendor/laravel/framework/src/Illuminate/Database/Seeder.php(193): Illuminate\\Database\\Seeder->Illuminate\\Database\\{closure}()
#19 /Users/josephdalughut/Workspace/Projects/Portfolio/newportfolio/portfolio/vendor/laravel/framework/src/Illuminate/Database/Console/Seeds/SeedCommand.php(70): Illuminate\\Database\\Seeder->__invoke()
#20 /Users/josephdalughut/Workspace/Projects/Portfolio/newportfolio/portfolio/vendor/laravel/framework/src/Illuminate/Database/Eloquent/Concerns/GuardsAttributes.php(155): Illuminate\\Database\\Console\\Seeds\\SeedCommand->Illuminate\\Database\\Console\\Seeds\\{closure}()
#21 /Users/josephdalughut/Workspace/Projects/Portfolio/newportfolio/portfolio/vendor/laravel/framework/src/Illuminate/Database/Console/Seeds/SeedCommand.php(69): Illuminate\\Database\\Eloquent\\Model::unguarded(Object(Closure))
#22 /Users/josephdalughut/Workspace/Projects/Portfolio/newportfolio/portfolio/vendor/laravel/framework/src/Illuminate/Container/BoundMethod.php(36): Illuminate\\Database\\Console\\Seeds\\SeedCommand->handle()
#23 /Users/josephdalughut/Workspace/Projects/Portfolio/newportfolio/portfolio/vendor/laravel/framework/src/Illuminate/Container/Util.php(41): Illuminate\\Container\\BoundMethod::Illuminate\\Container\\{closure}()
#24 /Users/josephdalughut/Workspace/Projects/Portfolio/newportfolio/portfolio/vendor/laravel/framework/src/Illuminate/Container/BoundMethod.php(93): Illuminate\\Container\\Util::unwrapIfClosure(Object(Closure))
#25 /Users/josephdalughut/Workspace/Projects/Portfolio/newportfolio/portfolio/vendor/laravel/framework/src/Illuminate/Container/BoundMethod.php(35): Illuminate\\Container\\BoundMethod::callBoundMethod(Object(Illuminate\\Foundation\\Application), Array, Object(Closure))
#26 /Users/josephdalughut/Workspace/Projects/Portfolio/newportfolio/portfolio/vendor/laravel/framework/src/Illuminate/Container/Container.php(662): Illuminate\\Container\\BoundMethod::call(Object(Illuminate\\Foundation\\Application), Array, Array, NULL)
#27 /Users/josephdalughut/Workspace/Projects/Portfolio/newportfolio/portfolio/vendor/laravel/framework/src/Illuminate/Console/Command.php(213): Illuminate\\Container\\Container->call(Array)
#28 /Users/josephdalughut/Workspace/Projects/Portfolio/newportfolio/portfolio/vendor/symfony/console/Command/Command.php(279): Illuminate\\Console\\Command->execute(Object(Symfony\\Component\\Console\\Input\\ArgvInput), Object(Illuminate\\Console\\OutputStyle))
#29 /Users/josephdalughut/Workspace/Projects/Portfolio/newportfolio/portfolio/vendor/laravel/framework/src/Illuminate/Console/Command.php(182): Symfony\\Component\\Console\\Command\\Command->run(Object(Symfony\\Component\\Console\\Input\\ArgvInput), Object(Illuminate\\Console\\OutputStyle))
#30 /Users/josephdalughut/Workspace/Projects/Portfolio/newportfolio/portfolio/vendor/symfony/console/Application.php(1047): Illuminate\\Console\\Command->run(Object(Symfony\\Component\\Console\\Input\\ArgvInput), Object(Symfony\\Component\\Console\\Output\\ConsoleOutput))
#31 /Users/josephdalughut/Workspace/Projects/Portfolio/newportfolio/portfolio/vendor/symfony/console/Application.php(316): Symfony\\Component\\Console\\Application->doRunCommand(Object(Illuminate\\Database\\Console\\Seeds\\SeedCommand), Object(Symfony\\Component\\Console\\Input\\ArgvInput), Object(Symfony\\Component\\Console\\Output\\ConsoleOutput))
#32 /Users/josephdalughut/Workspace/Projects/Portfolio/newportfolio/portfolio/vendor/symfony/console/Application.php(167): Symfony\\Component\\Console\\Application->doRun(Object(Symfony\\Component\\Console\\Input\\ArgvInput), Object(Symfony\\Component\\Console\\Output\\ConsoleOutput))
#33 /Users/josephdalughut/Workspace/Projects/Portfolio/newportfolio/portfolio/vendor/laravel/framework/src/Illuminate/Foundation/Console/Kernel.php(196): Symfony\\Component\\Console\\Application->run(Object(Symfony\\Component\\Console\\Input\\ArgvInput), Object(Symfony\\Component\\Console\\Output\\ConsoleOutput))
#34 /Users/josephdalughut/Workspace/Projects/Portfolio/newportfolio/portfolio/artisan(35): Illuminate\\Foundation\\Console\\Kernel->handle(Object(Symfony\\Component\\Console\\Input\\ArgvInput), Object(Symfony\\Component\\Console\\Output\\ConsoleOutput))
#35 {main}
"} 
[2024-06-15 22:33:20] development.ERROR: include(/Users/josephdalughut/Workspace/Projects/Portfolio/newportfolio/portfolio/vendor/composer/../../database/seeds/DatabaseSeeder.php): Failed to open stream: No such file or directory {"exception":"[object] (ErrorException(code: 0): include(/Users/josephdalughut/Workspace/Projects/Portfolio/newportfolio/portfolio/vendor/composer/../../database/seeds/DatabaseSeeder.php): Failed to open stream: No such file or directory at /Users/josephdalughut/Workspace/Projects/Portfolio/newportfolio/portfolio/vendor/composer/ClassLoader.php:576)
[stacktrace]
#0 /Users/josephdalughut/Workspace/Projects/Portfolio/newportfolio/portfolio/vendor/laravel/framework/src/Illuminate/Foundation/Bootstrap/HandleExceptions.php(256): Illuminate\\Foundation\\Bootstrap\\HandleExceptions->handleError(2, 'include(/Users/...', '/Users/josephda...', 576)
#1 /Users/josephdalughut/Workspace/Projects/Portfolio/newportfolio/portfolio/vendor/composer/ClassLoader.php(576): Illuminate\\Foundation\\Bootstrap\\HandleExceptions->Illuminate\\Foundation\\Bootstrap\\{closure}(2, 'include(/Users/...', '/Users/josephda...', 576)
#2 /Users/josephdalughut/Workspace/Projects/Portfolio/newportfolio/portfolio/vendor/composer/ClassLoader.php(576): include('/Users/josephda...')
#3 /Users/josephdalughut/Workspace/Projects/Portfolio/newportfolio/portfolio/vendor/composer/ClassLoader.php(427): Composer\\Autoload\\{closure}('/Users/josephda...')
#4 [internal function]: Composer\\Autoload\\ClassLoader->loadClass('Database\\\\Seeder...')
#5 /Users/josephdalughut/Workspace/Projects/Portfolio/newportfolio/portfolio/vendor/laravel/framework/src/Illuminate/Database/Console/Seeds/SeedCommand.php(94): class_exists('Database\\\\Seeder...')
#6 /Users/josephdalughut/Workspace/Projects/Portfolio/newportfolio/portfolio/vendor/laravel/framework/src/Illuminate/Database/Console/Seeds/SeedCommand.php(70): Illuminate\\Database\\Console\\Seeds\\SeedCommand->getSeeder()
#7 /Users/josephdalughut/Workspace/Projects/Portfolio/newportfolio/portfolio/vendor/laravel/framework/src/Illuminate/Database/Eloquent/Concerns/GuardsAttributes.php(155): Illuminate\\Database\\Console\\Seeds\\SeedCommand->Illuminate\\Database\\Console\\Seeds\\{closure}()
#8 /Users/josephdalughut/Workspace/Projects/Portfolio/newportfolio/portfolio/vendor/laravel/framework/src/Illuminate/Database/Console/Seeds/SeedCommand.php(69): Illuminate\\Database\\Eloquent\\Model::unguarded(Object(Closure))
#9 /Users/josephdalughut/Workspace/Projects/Portfolio/newportfolio/portfolio/vendor/laravel/framework/src/Illuminate/Container/BoundMethod.php(36): Illuminate\\Database\\Console\\Seeds\\SeedCommand->handle()
#10 /Users/josephdalughut/Workspace/Projects/Portfolio/newportfolio/portfolio/vendor/laravel/framework/src/Illuminate/Container/Util.php(41): Illuminate\\Container\\BoundMethod::Illuminate\\Container\\{closure}()
#11 /Users/josephdalughut/Workspace/Projects/Portfolio/newportfolio/portfolio/vendor/laravel/framework/src/Illuminate/Container/BoundMethod.php(93): Illuminate\\Container\\Util::unwrapIfClosure(Object(Closure))
#12 /Users/josephdalughut/Workspace/Projects/Portfolio/newportfolio/portfolio/vendor/laravel/framework/src/Illuminate/Container/BoundMethod.php(35): Illuminate\\Container\\BoundMethod::callBoundMethod(Object(Illuminate\\Foundation\\Application), Array, Object(Closure))
#13 /Users/josephdalughut/Workspace/Projects/Portfolio/newportfolio/portfolio/vendor/laravel/framework/src/Illuminate/Container/Container.php(662): Illuminate\\Container\\BoundMethod::call(Object(Illuminate\\Foundation\\Application), Array, Array, NULL)
#14 /Users/josephdalughut/Workspace/Projects/Portfolio/newportfolio/portfolio/vendor/laravel/framework/src/Illuminate/Console/Command.php(213): Illuminate\\Container\\Container->call(Array)
#15 /Users/josephdalughut/Workspace/Projects/Portfolio/newportfolio/portfolio/vendor/symfony/console/Command/Command.php(279): Illuminate\\Console\\Command->execute(Object(Symfony\\Component\\Console\\Input\\ArgvInput), Object(Illuminate\\Console\\OutputStyle))
#16 /Users/josephdalughut/Workspace/Projects/Portfolio/newportfolio/portfolio/vendor/laravel/framework/src/Illuminate/Console/Command.php(182): Symfony\\Component\\Console\\Command\\Command->run(Object(Symfony\\Component\\Console\\Input\\ArgvInput), Object(Illuminate\\Console\\OutputStyle))
#17 /Users/josephdalughut/Workspace/Projects/Portfolio/newportfolio/portfolio/vendor/symfony/console/Application.php(1047): Illuminate\\Console\\Command->run(Object(Symfony\\Component\\Console\\Input\\ArgvInput), Object(Symfony\\Component\\Console\\Output\\ConsoleOutput))
#18 /Users/josephdalughut/Workspace/Projects/Portfolio/newportfolio/portfolio/vendor/symfony/console/Application.php(316): Symfony\\Component\\Console\\Application->doRunCommand(Object(Illuminate\\Database\\Console\\Seeds\\SeedCommand), Object(Symfony\\Component\\Console\\Input\\ArgvInput), Object(Symfony\\Component\\Console\\Output\\ConsoleOutput))
#19 /Users/josephdalughut/Workspace/Projects/Portfolio/newportfolio/portfolio/vendor/symfony/console/Application.php(167): Symfony\\Component\\Console\\Application->doRun(Object(Symfony\\Component\\Console\\Input\\ArgvInput), Object(Symfony\\Component\\Console\\Output\\ConsoleOutput))
#20 /Users/josephdalughut/Workspace/Projects/Portfolio/newportfolio/portfolio/vendor/laravel/framework/src/Illuminate/Foundation/Console/Kernel.php(196): Symfony\\Component\\Console\\Application->run(Object(Symfony\\Component\\Console\\Input\\ArgvInput), Object(Symfony\\Component\\Console\\Output\\ConsoleOutput))
#21 /Users/josephdalughut/Workspace/Projects/Portfolio/newportfolio/portfolio/artisan(35): Illuminate\\Foundation\\Console\\Kernel->handle(Object(Symfony\\Component\\Console\\Input\\ArgvInput), Object(Symfony\\Component\\Console\\Output\\ConsoleOutput))
#22 {main}
"} 
[2024-06-15 22:34:19] development.ERROR: Target class [DatabaseSeeder] does not exist. {"exception":"[object] (Illuminate\\Contracts\\Container\\BindingResolutionException(code: 0): Target class [DatabaseSeeder] does not exist. at /Users/josephdalughut/Workspace/Projects/Portfolio/newportfolio/portfolio/vendor/laravel/framework/src/Illuminate/Container/Container.php:906)
[stacktrace]
#0 /Users/josephdalughut/Workspace/Projects/Portfolio/newportfolio/portfolio/vendor/laravel/framework/src/Illuminate/Container/Container.php(787): Illuminate\\Container\\Container->build('DatabaseSeeder')
#1 /Users/josephdalughut/Workspace/Projects/Portfolio/newportfolio/portfolio/vendor/laravel/framework/src/Illuminate/Foundation/Application.php(1041): Illuminate\\Container\\Container->resolve('DatabaseSeeder', Array, true)
#2 /Users/josephdalughut/Workspace/Projects/Portfolio/newportfolio/portfolio/vendor/laravel/framework/src/Illuminate/Container/Container.php(723): Illuminate\\Foundation\\Application->resolve('DatabaseSeeder', Array)
#3 /Users/josephdalughut/Workspace/Projects/Portfolio/newportfolio/portfolio/vendor/laravel/framework/src/Illuminate/Foundation/Application.php(1026): Illuminate\\Container\\Container->make('DatabaseSeeder', Array)
#4 /Users/josephdalughut/Workspace/Projects/Portfolio/newportfolio/portfolio/vendor/laravel/framework/src/Illuminate/Database/Console/Seeds/SeedCommand.php(98): Illuminate\\Foundation\\Application->make('DatabaseSeeder')
#5 /Users/josephdalughut/Workspace/Projects/Portfolio/newportfolio/portfolio/vendor/laravel/framework/src/Illuminate/Database/Console/Seeds/SeedCommand.php(70): Illuminate\\Database\\Console\\Seeds\\SeedCommand->getSeeder()
#6 /Users/josephdalughut/Workspace/Projects/Portfolio/newportfolio/portfolio/vendor/laravel/framework/src/Illuminate/Database/Eloquent/Concerns/GuardsAttributes.php(155): Illuminate\\Database\\Console\\Seeds\\SeedCommand->Illuminate\\Database\\Console\\Seeds\\{closure}()
#7 /Users/josephdalughut/Workspace/Projects/Portfolio/newportfolio/portfolio/vendor/laravel/framework/src/Illuminate/Database/Console/Seeds/SeedCommand.php(69): Illuminate\\Database\\Eloquent\\Model::unguarded(Object(Closure))
#8 /Users/josephdalughut/Workspace/Projects/Portfolio/newportfolio/portfolio/vendor/laravel/framework/src/Illuminate/Container/BoundMethod.php(36): Illuminate\\Database\\Console\\Seeds\\SeedCommand->handle()
#9 /Users/josephdalughut/Workspace/Projects/Portfolio/newportfolio/portfolio/vendor/laravel/framework/src/Illuminate/Container/Util.php(41): Illuminate\\Container\\BoundMethod::Illuminate\\Container\\{closure}()
#10 /Users/josephdalughut/Workspace/Projects/Portfolio/newportfolio/portfolio/vendor/laravel/framework/src/Illuminate/Container/BoundMethod.php(93): Illuminate\\Container\\Util::unwrapIfClosure(Object(Closure))
#11 /Users/josephdalughut/Workspace/Projects/Portfolio/newportfolio/portfolio/vendor/laravel/framework/src/Illuminate/Container/BoundMethod.php(35): Illuminate\\Container\\BoundMethod::callBoundMethod(Object(Illuminate\\Foundation\\Application), Array, Object(Closure))
#12 /Users/josephdalughut/Workspace/Projects/Portfolio/newportfolio/portfolio/vendor/laravel/framework/src/Illuminate/Container/Container.php(662): Illuminate\\Container\\BoundMethod::call(Object(Illuminate\\Foundation\\Application), Array, Array, NULL)
#13 /Users/josephdalughut/Workspace/Projects/Portfolio/newportfolio/portfolio/vendor/laravel/framework/src/Illuminate/Console/Command.php(213): Illuminate\\Container\\Container->call(Array)
#14 /Users/josephdalughut/Workspace/Projects/Portfolio/newportfolio/portfolio/vendor/symfony/console/Command/Command.php(279): Illuminate\\Console\\Command->execute(Object(Symfony\\Component\\Console\\Input\\ArgvInput), Object(Illuminate\\Console\\OutputStyle))
#15 /Users/josephdalughut/Workspace/Projects/Portfolio/newportfolio/portfolio/vendor/laravel/framework/src/Illuminate/Console/Command.php(182): Symfony\\Component\\Console\\Command\\Command->run(Object(Symfony\\Component\\Console\\Input\\ArgvInput), Object(Illuminate\\Console\\OutputStyle))
#16 /Users/josephdalughut/Workspace/Projects/Portfolio/newportfolio/portfolio/vendor/symfony/console/Application.php(1047): Illuminate\\Console\\Command->run(Object(Symfony\\Component\\Console\\Input\\ArgvInput), Object(Symfony\\Component\\Console\\Output\\ConsoleOutput))
#17 /Users/josephdalughut/Workspace/Projects/Portfolio/newportfolio/portfolio/vendor/symfony/console/Application.php(316): Symfony\\Component\\Console\\Application->doRunCommand(Object(Illuminate\\Database\\Console\\Seeds\\SeedCommand), Object(Symfony\\Component\\Console\\Input\\ArgvInput), Object(Symfony\\Component\\Console\\Output\\ConsoleOutput))
#18 /Users/josephdalughut/Workspace/Projects/Portfolio/newportfolio/portfolio/vendor/symfony/console/Application.php(167): Symfony\\Component\\Console\\Application->doRun(Object(Symfony\\Component\\Console\\Input\\ArgvInput), Object(Symfony\\Component\\Console\\Output\\ConsoleOutput))
#19 /Users/josephdalughut/Workspace/Projects/Portfolio/newportfolio/portfolio/vendor/laravel/framework/src/Illuminate/Foundation/Console/Kernel.php(196): Symfony\\Component\\Console\\Application->run(Object(Symfony\\Component\\Console\\Input\\ArgvInput), Object(Symfony\\Component\\Console\\Output\\ConsoleOutput))
#20 /Users/josephdalughut/Workspace/Projects/Portfolio/newportfolio/portfolio/artisan(35): Illuminate\\Foundation\\Console\\Kernel->handle(Object(Symfony\\Component\\Console\\Input\\ArgvInput), Object(Symfony\\Component\\Console\\Output\\ConsoleOutput))
#21 {main}

[previous exception] [object] (ReflectionException(code: -1): Class \"DatabaseSeeder\" does not exist at /Users/josephdalughut/Workspace/Projects/Portfolio/newportfolio/portfolio/vendor/laravel/framework/src/Illuminate/Container/Container.php:904)
[stacktrace]
#0 /Users/josephdalughut/Workspace/Projects/Portfolio/newportfolio/portfolio/vendor/laravel/framework/src/Illuminate/Container/Container.php(904): ReflectionClass->__construct('DatabaseSeeder')
#1 /Users/josephdalughut/Workspace/Projects/Portfolio/newportfolio/portfolio/vendor/laravel/framework/src/Illuminate/Container/Container.php(787): Illuminate\\Container\\Container->build('DatabaseSeeder')
#2 /Users/josephdalughut/Workspace/Projects/Portfolio/newportfolio/portfolio/vendor/laravel/framework/src/Illuminate/Foundation/Application.php(1041): Illuminate\\Container\\Container->resolve('DatabaseSeeder', Array, true)
#3 /Users/josephdalughut/Workspace/Projects/Portfolio/newportfolio/portfolio/vendor/laravel/framework/src/Illuminate/Container/Container.php(723): Illuminate\\Foundation\\Application->resolve('DatabaseSeeder', Array)
#4 /Users/josephdalughut/Workspace/Projects/Portfolio/newportfolio/portfolio/vendor/laravel/framework/src/Illuminate/Foundation/Application.php(1026): Illuminate\\Container\\Container->make('DatabaseSeeder', Array)
#5 /Users/josephdalughut/Workspace/Projects/Portfolio/newportfolio/portfolio/vendor/laravel/framework/src/Illuminate/Database/Console/Seeds/SeedCommand.php(98): Illuminate\\Foundation\\Application->make('DatabaseSeeder')
#6 /Users/josephdalughut/Workspace/Projects/Portfolio/newportfolio/portfolio/vendor/laravel/framework/src/Illuminate/Database/Console/Seeds/SeedCommand.php(70): Illuminate\\Database\\Console\\Seeds\\SeedCommand->getSeeder()
#7 /Users/josephdalughut/Workspace/Projects/Portfolio/newportfolio/portfolio/vendor/laravel/framework/src/Illuminate/Database/Eloquent/Concerns/GuardsAttributes.php(155): Illuminate\\Database\\Console\\Seeds\\SeedCommand->Illuminate\\Database\\Console\\Seeds\\{closure}()
#8 /Users/josephdalughut/Workspace/Projects/Portfolio/newportfolio/portfolio/vendor/laravel/framework/src/Illuminate/Database/Console/Seeds/SeedCommand.php(69): Illuminate\\Database\\Eloquent\\Model::unguarded(Object(Closure))
#9 /Users/josephdalughut/Workspace/Projects/Portfolio/newportfolio/portfolio/vendor/laravel/framework/src/Illuminate/Container/BoundMethod.php(36): Illuminate\\Database\\Console\\Seeds\\SeedCommand->handle()
#10 /Users/josephdalughut/Workspace/Projects/Portfolio/newportfolio/portfolio/vendor/laravel/framework/src/Illuminate/Container/Util.php(41): Illuminate\\Container\\BoundMethod::Illuminate\\Container\\{closure}()
#11 /Users/josephdalughut/Workspace/Projects/Portfolio/newportfolio/portfolio/vendor/laravel/framework/src/Illuminate/Container/BoundMethod.php(93): Illuminate\\Container\\Util::unwrapIfClosure(Object(Closure))
#12 /Users/josephdalughut/Workspace/Projects/Portfolio/newportfolio/portfolio/vendor/laravel/framework/src/Illuminate/Container/BoundMethod.php(35): Illuminate\\Container\\BoundMethod::callBoundMethod(Object(Illuminate\\Foundation\\Application), Array, Object(Closure))
#13 /Users/josephdalughut/Workspace/Projects/Portfolio/newportfolio/portfolio/vendor/laravel/framework/src/Illuminate/Container/Container.php(662): Illuminate\\Container\\BoundMethod::call(Object(Illuminate\\Foundation\\Application), Array, Array, NULL)
#14 /Users/josephdalughut/Workspace/Projects/Portfolio/newportfolio/portfolio/vendor/laravel/framework/src/Illuminate/Console/Command.php(213): Illuminate\\Container\\Container->call(Array)
#15 /Users/josephdalughut/Workspace/Projects/Portfolio/newportfolio/portfolio/vendor/symfony/console/Command/Command.php(279): Illuminate\\Console\\Command->execute(Object(Symfony\\Component\\Console\\Input\\ArgvInput), Object(Illuminate\\Console\\OutputStyle))
#16 /Users/josephdalughut/Workspace/Projects/Portfolio/newportfolio/portfolio/vendor/laravel/framework/src/Illuminate/Console/Command.php(182): Symfony\\Component\\Console\\Command\\Command->run(Object(Symfony\\Component\\Console\\Input\\ArgvInput), Object(Illuminate\\Console\\OutputStyle))
#17 /Users/josephdalughut/Workspace/Projects/Portfolio/newportfolio/portfolio/vendor/symfony/console/Application.php(1047): Illuminate\\Console\\Command->run(Object(Symfony\\Component\\Console\\Input\\ArgvInput), Object(Symfony\\Component\\Console\\Output\\ConsoleOutput))
#18 /Users/josephdalughut/Workspace/Projects/Portfolio/newportfolio/portfolio/vendor/symfony/console/Application.php(316): Symfony\\Component\\Console\\Application->doRunCommand(Object(Illuminate\\Database\\Console\\Seeds\\SeedCommand), Object(Symfony\\Component\\Console\\Input\\ArgvInput), Object(Symfony\\Component\\Console\\Output\\ConsoleOutput))
#19 /Users/josephdalughut/Workspace/Projects/Portfolio/newportfolio/portfolio/vendor/symfony/console/Application.php(167): Symfony\\Component\\Console\\Application->doRun(Object(Symfony\\Component\\Console\\Input\\ArgvInput), Object(Symfony\\Component\\Console\\Output\\ConsoleOutput))
#20 /Users/josephdalughut/Workspace/Projects/Portfolio/newportfolio/portfolio/vendor/laravel/framework/src/Illuminate/Foundation/Console/Kernel.php(196): Symfony\\Component\\Console\\Application->run(Object(Symfony\\Component\\Console\\Input\\ArgvInput), Object(Symfony\\Component\\Console\\Output\\ConsoleOutput))
#21 /Users/josephdalughut/Workspace/Projects/Portfolio/newportfolio/portfolio/artisan(35): Illuminate\\Foundation\\Console\\Kernel->handle(Object(Symfony\\Component\\Console\\Input\\ArgvInput), Object(Symfony\\Component\\Console\\Output\\ConsoleOutput))
#22 {main}
"} 
[2024-06-15 22:34:28] development.ERROR: Target class [DatabaseSeeder] does not exist. {"exception":"[object] (Illuminate\\Contracts\\Container\\BindingResolutionException(code: 0): Target class [DatabaseSeeder] does not exist. at /Users/josephdalughut/Workspace/Projects/Portfolio/newportfolio/portfolio/vendor/laravel/framework/src/Illuminate/Container/Container.php:906)
[stacktrace]
#0 /Users/josephdalughut/Workspace/Projects/Portfolio/newportfolio/portfolio/vendor/laravel/framework/src/Illuminate/Container/Container.php(787): Illuminate\\Container\\Container->build('DatabaseSeeder')
#1 /Users/josephdalughut/Workspace/Projects/Portfolio/newportfolio/portfolio/vendor/laravel/framework/src/Illuminate/Foundation/Application.php(1041): Illuminate\\Container\\Container->resolve('DatabaseSeeder', Array, true)
#2 /Users/josephdalughut/Workspace/Projects/Portfolio/newportfolio/portfolio/vendor/laravel/framework/src/Illuminate/Container/Container.php(723): Illuminate\\Foundation\\Application->resolve('DatabaseSeeder', Array)
#3 /Users/josephdalughut/Workspace/Projects/Portfolio/newportfolio/portfolio/vendor/laravel/framework/src/Illuminate/Foundation/Application.php(1026): Illuminate\\Container\\Container->make('DatabaseSeeder', Array)
#4 /Users/josephdalughut/Workspace/Projects/Portfolio/newportfolio/portfolio/vendor/laravel/framework/src/Illuminate/Database/Console/Seeds/SeedCommand.php(98): Illuminate\\Foundation\\Application->make('DatabaseSeeder')
#5 /Users/josephdalughut/Workspace/Projects/Portfolio/newportfolio/portfolio/vendor/laravel/framework/src/Illuminate/Database/Console/Seeds/SeedCommand.php(70): Illuminate\\Database\\Console\\Seeds\\SeedCommand->getSeeder()
#6 /Users/josephdalughut/Workspace/Projects/Portfolio/newportfolio/portfolio/vendor/laravel/framework/src/Illuminate/Database/Eloquent/Concerns/GuardsAttributes.php(155): Illuminate\\Database\\Console\\Seeds\\SeedCommand->Illuminate\\Database\\Console\\Seeds\\{closure}()
#7 /Users/josephdalughut/Workspace/Projects/Portfolio/newportfolio/portfolio/vendor/laravel/framework/src/Illuminate/Database/Console/Seeds/SeedCommand.php(69): Illuminate\\Database\\Eloquent\\Model::unguarded(Object(Closure))
#8 /Users/josephdalughut/Workspace/Projects/Portfolio/newportfolio/portfolio/vendor/laravel/framework/src/Illuminate/Container/BoundMethod.php(36): Illuminate\\Database\\Console\\Seeds\\SeedCommand->handle()
#9 /Users/josephdalughut/Workspace/Projects/Portfolio/newportfolio/portfolio/vendor/laravel/framework/src/Illuminate/Container/Util.php(41): Illuminate\\Container\\BoundMethod::Illuminate\\Container\\{closure}()
#10 /Users/josephdalughut/Workspace/Projects/Portfolio/newportfolio/portfolio/vendor/laravel/framework/src/Illuminate/Container/BoundMethod.php(93): Illuminate\\Container\\Util::unwrapIfClosure(Object(Closure))
#11 /Users/josephdalughut/Workspace/Projects/Portfolio/newportfolio/portfolio/vendor/laravel/framework/src/Illuminate/Container/BoundMethod.php(35): Illuminate\\Container\\BoundMethod::callBoundMethod(Object(Illuminate\\Foundation\\Application), Array, Object(Closure))
#12 /Users/josephdalughut/Workspace/Projects/Portfolio/newportfolio/portfolio/vendor/laravel/framework/src/Illuminate/Container/Container.php(662): Illuminate\\Container\\BoundMethod::call(Object(Illuminate\\Foundation\\Application), Array, Array, NULL)
#13 /Users/josephdalughut/Workspace/Projects/Portfolio/newportfolio/portfolio/vendor/laravel/framework/src/Illuminate/Console/Command.php(213): Illuminate\\Container\\Container->call(Array)
#14 /Users/josephdalughut/Workspace/Projects/Portfolio/newportfolio/portfolio/vendor/symfony/console/Command/Command.php(279): Illuminate\\Console\\Command->execute(Object(Symfony\\Component\\Console\\Input\\ArgvInput), Object(Illuminate\\Console\\OutputStyle))
#15 /Users/josephdalughut/Workspace/Projects/Portfolio/newportfolio/portfolio/vendor/laravel/framework/src/Illuminate/Console/Command.php(182): Symfony\\Component\\Console\\Command\\Command->run(Object(Symfony\\Component\\Console\\Input\\ArgvInput), Object(Illuminate\\Console\\OutputStyle))
#16 /Users/josephdalughut/Workspace/Projects/Portfolio/newportfolio/portfolio/vendor/symfony/console/Application.php(1047): Illuminate\\Console\\Command->run(Object(Symfony\\Component\\Console\\Input\\ArgvInput), Object(Symfony\\Component\\Console\\Output\\ConsoleOutput))
#17 /Users/josephdalughut/Workspace/Projects/Portfolio/newportfolio/portfolio/vendor/symfony/console/Application.php(316): Symfony\\Component\\Console\\Application->doRunCommand(Object(Illuminate\\Database\\Console\\Seeds\\SeedCommand), Object(Symfony\\Component\\Console\\Input\\ArgvInput), Object(Symfony\\Component\\Console\\Output\\ConsoleOutput))
#18 /Users/josephdalughut/Workspace/Projects/Portfolio/newportfolio/portfolio/vendor/symfony/console/Application.php(167): Symfony\\Component\\Console\\Application->doRun(Object(Symfony\\Component\\Console\\Input\\ArgvInput), Object(Symfony\\Component\\Console\\Output\\ConsoleOutput))
#19 /Users/josephdalughut/Workspace/Projects/Portfolio/newportfolio/portfolio/vendor/laravel/framework/src/Illuminate/Foundation/Console/Kernel.php(196): Symfony\\Component\\Console\\Application->run(Object(Symfony\\Component\\Console\\Input\\ArgvInput), Object(Symfony\\Component\\Console\\Output\\ConsoleOutput))
#20 /Users/josephdalughut/Workspace/Projects/Portfolio/newportfolio/portfolio/artisan(35): Illuminate\\Foundation\\Console\\Kernel->handle(Object(Symfony\\Component\\Console\\Input\\ArgvInput), Object(Symfony\\Component\\Console\\Output\\ConsoleOutput))
#21 {main}

[previous exception] [object] (ReflectionException(code: -1): Class \"DatabaseSeeder\" does not exist at /Users/josephdalughut/Workspace/Projects/Portfolio/newportfolio/portfolio/vendor/laravel/framework/src/Illuminate/Container/Container.php:904)
[stacktrace]
#0 /Users/josephdalughut/Workspace/Projects/Portfolio/newportfolio/portfolio/vendor/laravel/framework/src/Illuminate/Container/Container.php(904): ReflectionClass->__construct('DatabaseSeeder')
#1 /Users/josephdalughut/Workspace/Projects/Portfolio/newportfolio/portfolio/vendor/laravel/framework/src/Illuminate/Container/Container.php(787): Illuminate\\Container\\Container->build('DatabaseSeeder')
#2 /Users/josephdalughut/Workspace/Projects/Portfolio/newportfolio/portfolio/vendor/laravel/framework/src/Illuminate/Foundation/Application.php(1041): Illuminate\\Container\\Container->resolve('DatabaseSeeder', Array, true)
#3 /Users/josephdalughut/Workspace/Projects/Portfolio/newportfolio/portfolio/vendor/laravel/framework/src/Illuminate/Container/Container.php(723): Illuminate\\Foundation\\Application->resolve('DatabaseSeeder', Array)
#4 /Users/josephdalughut/Workspace/Projects/Portfolio/newportfolio/portfolio/vendor/laravel/framework/src/Illuminate/Foundation/Application.php(1026): Illuminate\\Container\\Container->make('DatabaseSeeder', Array)
#5 /Users/josephdalughut/Workspace/Projects/Portfolio/newportfolio/portfolio/vendor/laravel/framework/src/Illuminate/Database/Console/Seeds/SeedCommand.php(98): Illuminate\\Foundation\\Application->make('DatabaseSeeder')
#6 /Users/josephdalughut/Workspace/Projects/Portfolio/newportfolio/portfolio/vendor/laravel/framework/src/Illuminate/Database/Console/Seeds/SeedCommand.php(70): Illuminate\\Database\\Console\\Seeds\\SeedCommand->getSeeder()
#7 /Users/josephdalughut/Workspace/Projects/Portfolio/newportfolio/portfolio/vendor/laravel/framework/src/Illuminate/Database/Eloquent/Concerns/GuardsAttributes.php(155): Illuminate\\Database\\Console\\Seeds\\SeedCommand->Illuminate\\Database\\Console\\Seeds\\{closure}()
#8 /Users/josephdalughut/Workspace/Projects/Portfolio/newportfolio/portfolio/vendor/laravel/framework/src/Illuminate/Database/Console/Seeds/SeedCommand.php(69): Illuminate\\Database\\Eloquent\\Model::unguarded(Object(Closure))
#9 /Users/josephdalughut/Workspace/Projects/Portfolio/newportfolio/portfolio/vendor/laravel/framework/src/Illuminate/Container/BoundMethod.php(36): Illuminate\\Database\\Console\\Seeds\\SeedCommand->handle()
#10 /Users/josephdalughut/Workspace/Projects/Portfolio/newportfolio/portfolio/vendor/laravel/framework/src/Illuminate/Container/Util.php(41): Illuminate\\Container\\BoundMethod::Illuminate\\Container\\{closure}()
#11 /Users/josephdalughut/Workspace/Projects/Portfolio/newportfolio/portfolio/vendor/laravel/framework/src/Illuminate/Container/BoundMethod.php(93): Illuminate\\Container\\Util::unwrapIfClosure(Object(Closure))
#12 /Users/josephdalughut/Workspace/Projects/Portfolio/newportfolio/portfolio/vendor/laravel/framework/src/Illuminate/Container/BoundMethod.php(35): Illuminate\\Container\\BoundMethod::callBoundMethod(Object(Illuminate\\Foundation\\Application), Array, Object(Closure))
#13 /Users/josephdalughut/Workspace/Projects/Portfolio/newportfolio/portfolio/vendor/laravel/framework/src/Illuminate/Container/Container.php(662): Illuminate\\Container\\BoundMethod::call(Object(Illuminate\\Foundation\\Application), Array, Array, NULL)
#14 /Users/josephdalughut/Workspace/Projects/Portfolio/newportfolio/portfolio/vendor/laravel/framework/src/Illuminate/Console/Command.php(213): Illuminate\\Container\\Container->call(Array)
#15 /Users/josephdalughut/Workspace/Projects/Portfolio/newportfolio/portfolio/vendor/symfony/console/Command/Command.php(279): Illuminate\\Console\\Command->execute(Object(Symfony\\Component\\Console\\Input\\ArgvInput), Object(Illuminate\\Console\\OutputStyle))
#16 /Users/josephdalughut/Workspace/Projects/Portfolio/newportfolio/portfolio/vendor/laravel/framework/src/Illuminate/Console/Command.php(182): Symfony\\Component\\Console\\Command\\Command->run(Object(Symfony\\Component\\Console\\Input\\ArgvInput), Object(Illuminate\\Console\\OutputStyle))
#17 /Users/josephdalughut/Workspace/Projects/Portfolio/newportfolio/portfolio/vendor/symfony/console/Application.php(1047): Illuminate\\Console\\Command->run(Object(Symfony\\Component\\Console\\Input\\ArgvInput), Object(Symfony\\Component\\Console\\Output\\ConsoleOutput))
#18 /Users/josephdalughut/Workspace/Projects/Portfolio/newportfolio/portfolio/vendor/symfony/console/Application.php(316): Symfony\\Component\\Console\\Application->doRunCommand(Object(Illuminate\\Database\\Console\\Seeds\\SeedCommand), Object(Symfony\\Component\\Console\\Input\\ArgvInput), Object(Symfony\\Component\\Console\\Output\\ConsoleOutput))
#19 /Users/josephdalughut/Workspace/Projects/Portfolio/newportfolio/portfolio/vendor/symfony/console/Application.php(167): Symfony\\Component\\Console\\Application->doRun(Object(Symfony\\Component\\Console\\Input\\ArgvInput), Object(Symfony\\Component\\Console\\Output\\ConsoleOutput))
#20 /Users/josephdalughut/Workspace/Projects/Portfolio/newportfolio/portfolio/vendor/laravel/framework/src/Illuminate/Foundation/Console/Kernel.php(196): Symfony\\Component\\Console\\Application->run(Object(Symfony\\Component\\Console\\Input\\ArgvInput), Object(Symfony\\Component\\Console\\Output\\ConsoleOutput))
#21 /Users/josephdalughut/Workspace/Projects/Portfolio/newportfolio/portfolio/artisan(35): Illuminate\\Foundation\\Console\\Kernel->handle(Object(Symfony\\Component\\Console\\Input\\ArgvInput), Object(Symfony\\Component\\Console\\Output\\ConsoleOutput))
#22 {main}
"} 
[2024-06-15 22:36:28] development.ERROR: Target class [Database\Seeders\MetaSeeder] does not exist. {"exception":"[object] (Illuminate\\Contracts\\Container\\BindingResolutionException(code: 0): Target class [Database\\Seeders\\MetaSeeder] does not exist. at /Users/josephdalughut/Workspace/Projects/Portfolio/newportfolio/portfolio/vendor/laravel/framework/src/Illuminate/Container/Container.php:906)
[stacktrace]
#0 /Users/josephdalughut/Workspace/Projects/Portfolio/newportfolio/portfolio/vendor/laravel/framework/src/Illuminate/Container/Container.php(787): Illuminate\\Container\\Container->build('Database\\\\Seeder...')
#1 /Users/josephdalughut/Workspace/Projects/Portfolio/newportfolio/portfolio/vendor/laravel/framework/src/Illuminate/Foundation/Application.php(1041): Illuminate\\Container\\Container->resolve('Database\\\\Seeder...', Array, true)
#2 /Users/josephdalughut/Workspace/Projects/Portfolio/newportfolio/portfolio/vendor/laravel/framework/src/Illuminate/Container/Container.php(723): Illuminate\\Foundation\\Application->resolve('Database\\\\Seeder...', Array)
#3 /Users/josephdalughut/Workspace/Projects/Portfolio/newportfolio/portfolio/vendor/laravel/framework/src/Illuminate/Foundation/Application.php(1026): Illuminate\\Container\\Container->make('Database\\\\Seeder...', Array)
#4 /Users/josephdalughut/Workspace/Projects/Portfolio/newportfolio/portfolio/vendor/laravel/framework/src/Illuminate/Database/Seeder.php(129): Illuminate\\Foundation\\Application->make('Database\\\\Seeder...')
#5 /Users/josephdalughut/Workspace/Projects/Portfolio/newportfolio/portfolio/vendor/laravel/framework/src/Illuminate/Database/Seeder.php(48): Illuminate\\Database\\Seeder->resolve('Database\\\\Seeder...')
#6 /Users/josephdalughut/Workspace/Projects/Portfolio/newportfolio/portfolio/database/seeds/DatabaseSeeder.php(18): Illuminate\\Database\\Seeder->call('Database\\\\Seeder...')
#7 /Users/josephdalughut/Workspace/Projects/Portfolio/newportfolio/portfolio/vendor/laravel/framework/src/Illuminate/Container/BoundMethod.php(36): Database\\Seeders\\DatabaseSeeder->run()
#8 /Users/josephdalughut/Workspace/Projects/Portfolio/newportfolio/portfolio/vendor/laravel/framework/src/Illuminate/Container/Util.php(41): Illuminate\\Container\\BoundMethod::Illuminate\\Container\\{closure}()
#9 /Users/josephdalughut/Workspace/Projects/Portfolio/newportfolio/portfolio/vendor/laravel/framework/src/Illuminate/Container/BoundMethod.php(93): Illuminate\\Container\\Util::unwrapIfClosure(Object(Closure))
#10 /Users/josephdalughut/Workspace/Projects/Portfolio/newportfolio/portfolio/vendor/laravel/framework/src/Illuminate/Container/BoundMethod.php(35): Illuminate\\Container\\BoundMethod::callBoundMethod(Object(Illuminate\\Foundation\\Application), Array, Object(Closure))
#11 /Users/josephdalughut/Workspace/Projects/Portfolio/newportfolio/portfolio/vendor/laravel/framework/src/Illuminate/Container/Container.php(662): Illuminate\\Container\\BoundMethod::call(Object(Illuminate\\Foundation\\Application), Array, Array, NULL)
#12 /Users/josephdalughut/Workspace/Projects/Portfolio/newportfolio/portfolio/vendor/laravel/framework/src/Illuminate/Database/Seeder.php(184): Illuminate\\Container\\Container->call(Array, Array)
#13 /Users/josephdalughut/Workspace/Projects/Portfolio/newportfolio/portfolio/vendor/laravel/framework/src/Illuminate/Database/Seeder.php(193): Illuminate\\Database\\Seeder->Illuminate\\Database\\{closure}()
#14 /Users/josephdalughut/Workspace/Projects/Portfolio/newportfolio/portfolio/vendor/laravel/framework/src/Illuminate/Database/Console/Seeds/SeedCommand.php(70): Illuminate\\Database\\Seeder->__invoke()
#15 /Users/josephdalughut/Workspace/Projects/Portfolio/newportfolio/portfolio/vendor/laravel/framework/src/Illuminate/Database/Eloquent/Concerns/GuardsAttributes.php(155): Illuminate\\Database\\Console\\Seeds\\SeedCommand->Illuminate\\Database\\Console\\Seeds\\{closure}()
#16 /Users/josephdalughut/Workspace/Projects/Portfolio/newportfolio/portfolio/vendor/laravel/framework/src/Illuminate/Database/Console/Seeds/SeedCommand.php(69): Illuminate\\Database\\Eloquent\\Model::unguarded(Object(Closure))
#17 /Users/josephdalughut/Workspace/Projects/Portfolio/newportfolio/portfolio/vendor/laravel/framework/src/Illuminate/Container/BoundMethod.php(36): Illuminate\\Database\\Console\\Seeds\\SeedCommand->handle()
#18 /Users/josephdalughut/Workspace/Projects/Portfolio/newportfolio/portfolio/vendor/laravel/framework/src/Illuminate/Container/Util.php(41): Illuminate\\Container\\BoundMethod::Illuminate\\Container\\{closure}()
#19 /Users/josephdalughut/Workspace/Projects/Portfolio/newportfolio/portfolio/vendor/laravel/framework/src/Illuminate/Container/BoundMethod.php(93): Illuminate\\Container\\Util::unwrapIfClosure(Object(Closure))
#20 /Users/josephdalughut/Workspace/Projects/Portfolio/newportfolio/portfolio/vendor/laravel/framework/src/Illuminate/Container/BoundMethod.php(35): Illuminate\\Container\\BoundMethod::callBoundMethod(Object(Illuminate\\Foundation\\Application), Array, Object(Closure))
#21 /Users/josephdalughut/Workspace/Projects/Portfolio/newportfolio/portfolio/vendor/laravel/framework/src/Illuminate/Container/Container.php(662): Illuminate\\Container\\BoundMethod::call(Object(Illuminate\\Foundation\\Application), Array, Array, NULL)
#22 /Users/josephdalughut/Workspace/Projects/Portfolio/newportfolio/portfolio/vendor/laravel/framework/src/Illuminate/Console/Command.php(213): Illuminate\\Container\\Container->call(Array)
#23 /Users/josephdalughut/Workspace/Projects/Portfolio/newportfolio/portfolio/vendor/symfony/console/Command/Command.php(279): Illuminate\\Console\\Command->execute(Object(Symfony\\Component\\Console\\Input\\ArgvInput), Object(Illuminate\\Console\\OutputStyle))
#24 /Users/josephdalughut/Workspace/Projects/Portfolio/newportfolio/portfolio/vendor/laravel/framework/src/Illuminate/Console/Command.php(182): Symfony\\Component\\Console\\Command\\Command->run(Object(Symfony\\Component\\Console\\Input\\ArgvInput), Object(Illuminate\\Console\\OutputStyle))
#25 /Users/josephdalughut/Workspace/Projects/Portfolio/newportfolio/portfolio/vendor/symfony/console/Application.php(1047): Illuminate\\Console\\Command->run(Object(Symfony\\Component\\Console\\Input\\ArgvInput), Object(Symfony\\Component\\Console\\Output\\ConsoleOutput))
#26 /Users/josephdalughut/Workspace/Projects/Portfolio/newportfolio/portfolio/vendor/symfony/console/Application.php(316): Symfony\\Component\\Console\\Application->doRunCommand(Object(Illuminate\\Database\\Console\\Seeds\\SeedCommand), Object(Symfony\\Component\\Console\\Input\\ArgvInput), Object(Symfony\\Component\\Console\\Output\\ConsoleOutput))
#27 /Users/josephdalughut/Workspace/Projects/Portfolio/newportfolio/portfolio/vendor/symfony/console/Application.php(167): Symfony\\Component\\Console\\Application->doRun(Object(Symfony\\Component\\Console\\Input\\ArgvInput), Object(Symfony\\Component\\Console\\Output\\ConsoleOutput))
#28 /Users/josephdalughut/Workspace/Projects/Portfolio/newportfolio/portfolio/vendor/laravel/framework/src/Illuminate/Foundation/Console/Kernel.php(196): Symfony\\Component\\Console\\Application->run(Object(Symfony\\Component\\Console\\Input\\ArgvInput), Object(Symfony\\Component\\Console\\Output\\ConsoleOutput))
#29 /Users/josephdalughut/Workspace/Projects/Portfolio/newportfolio/portfolio/artisan(35): Illuminate\\Foundation\\Console\\Kernel->handle(Object(Symfony\\Component\\Console\\Input\\ArgvInput), Object(Symfony\\Component\\Console\\Output\\ConsoleOutput))
#30 {main}

[previous exception] [object] (ReflectionException(code: -1): Class \"Database\\Seeders\\MetaSeeder\" does not exist at /Users/josephdalughut/Workspace/Projects/Portfolio/newportfolio/portfolio/vendor/laravel/framework/src/Illuminate/Container/Container.php:904)
[stacktrace]
#0 /Users/josephdalughut/Workspace/Projects/Portfolio/newportfolio/portfolio/vendor/laravel/framework/src/Illuminate/Container/Container.php(904): ReflectionClass->__construct('Database\\\\Seeder...')
#1 /Users/josephdalughut/Workspace/Projects/Portfolio/newportfolio/portfolio/vendor/laravel/framework/src/Illuminate/Container/Container.php(787): Illuminate\\Container\\Container->build('Database\\\\Seeder...')
#2 /Users/josephdalughut/Workspace/Projects/Portfolio/newportfolio/portfolio/vendor/laravel/framework/src/Illuminate/Foundation/Application.php(1041): Illuminate\\Container\\Container->resolve('Database\\\\Seeder...', Array, true)
#3 /Users/josephdalughut/Workspace/Projects/Portfolio/newportfolio/portfolio/vendor/laravel/framework/src/Illuminate/Container/Container.php(723): Illuminate\\Foundation\\Application->resolve('Database\\\\Seeder...', Array)
#4 /Users/josephdalughut/Workspace/Projects/Portfolio/newportfolio/portfolio/vendor/laravel/framework/src/Illuminate/Foundation/Application.php(1026): Illuminate\\Container\\Container->make('Database\\\\Seeder...', Array)
#5 /Users/josephdalughut/Workspace/Projects/Portfolio/newportfolio/portfolio/vendor/laravel/framework/src/Illuminate/Database/Seeder.php(129): Illuminate\\Foundation\\Application->make('Database\\\\Seeder...')
#6 /Users/josephdalughut/Workspace/Projects/Portfolio/newportfolio/portfolio/vendor/laravel/framework/src/Illuminate/Database/Seeder.php(48): Illuminate\\Database\\Seeder->resolve('Database\\\\Seeder...')
#7 /Users/josephdalughut/Workspace/Projects/Portfolio/newportfolio/portfolio/database/seeds/DatabaseSeeder.php(18): Illuminate\\Database\\Seeder->call('Database\\\\Seeder...')
#8 /Users/josephdalughut/Workspace/Projects/Portfolio/newportfolio/portfolio/vendor/laravel/framework/src/Illuminate/Container/BoundMethod.php(36): Database\\Seeders\\DatabaseSeeder->run()
#9 /Users/josephdalughut/Workspace/Projects/Portfolio/newportfolio/portfolio/vendor/laravel/framework/src/Illuminate/Container/Util.php(41): Illuminate\\Container\\BoundMethod::Illuminate\\Container\\{closure}()
#10 /Users/josephdalughut/Workspace/Projects/Portfolio/newportfolio/portfolio/vendor/laravel/framework/src/Illuminate/Container/BoundMethod.php(93): Illuminate\\Container\\Util::unwrapIfClosure(Object(Closure))
#11 /Users/josephdalughut/Workspace/Projects/Portfolio/newportfolio/portfolio/vendor/laravel/framework/src/Illuminate/Container/BoundMethod.php(35): Illuminate\\Container\\BoundMethod::callBoundMethod(Object(Illuminate\\Foundation\\Application), Array, Object(Closure))
#12 /Users/josephdalughut/Workspace/Projects/Portfolio/newportfolio/portfolio/vendor/laravel/framework/src/Illuminate/Container/Container.php(662): Illuminate\\Container\\BoundMethod::call(Object(Illuminate\\Foundation\\Application), Array, Array, NULL)
#13 /Users/josephdalughut/Workspace/Projects/Portfolio/newportfolio/portfolio/vendor/laravel/framework/src/Illuminate/Database/Seeder.php(184): Illuminate\\Container\\Container->call(Array, Array)
#14 /Users/josephdalughut/Workspace/Projects/Portfolio/newportfolio/portfolio/vendor/laravel/framework/src/Illuminate/Database/Seeder.php(193): Illuminate\\Database\\Seeder->Illuminate\\Database\\{closure}()
#15 /Users/josephdalughut/Workspace/Projects/Portfolio/newportfolio/portfolio/vendor/laravel/framework/src/Illuminate/Database/Console/Seeds/SeedCommand.php(70): Illuminate\\Database\\Seeder->__invoke()
#16 /Users/josephdalughut/Workspace/Projects/Portfolio/newportfolio/portfolio/vendor/laravel/framework/src/Illuminate/Database/Eloquent/Concerns/GuardsAttributes.php(155): Illuminate\\Database\\Console\\Seeds\\SeedCommand->Illuminate\\Database\\Console\\Seeds\\{closure}()
#17 /Users/josephdalughut/Workspace/Projects/Portfolio/newportfolio/portfolio/vendor/laravel/framework/src/Illuminate/Database/Console/Seeds/SeedCommand.php(69): Illuminate\\Database\\Eloquent\\Model::unguarded(Object(Closure))
#18 /Users/josephdalughut/Workspace/Projects/Portfolio/newportfolio/portfolio/vendor/laravel/framework/src/Illuminate/Container/BoundMethod.php(36): Illuminate\\Database\\Console\\Seeds\\SeedCommand->handle()
#19 /Users/josephdalughut/Workspace/Projects/Portfolio/newportfolio/portfolio/vendor/laravel/framework/src/Illuminate/Container/Util.php(41): Illuminate\\Container\\BoundMethod::Illuminate\\Container\\{closure}()
#20 /Users/josephdalughut/Workspace/Projects/Portfolio/newportfolio/portfolio/vendor/laravel/framework/src/Illuminate/Container/BoundMethod.php(93): Illuminate\\Container\\Util::unwrapIfClosure(Object(Closure))
#21 /Users/josephdalughut/Workspace/Projects/Portfolio/newportfolio/portfolio/vendor/laravel/framework/src/Illuminate/Container/BoundMethod.php(35): Illuminate\\Container\\BoundMethod::callBoundMethod(Object(Illuminate\\Foundation\\Application), Array, Object(Closure))
#22 /Users/josephdalughut/Workspace/Projects/Portfolio/newportfolio/portfolio/vendor/laravel/framework/src/Illuminate/Container/Container.php(662): Illuminate\\Container\\BoundMethod::call(Object(Illuminate\\Foundation\\Application), Array, Array, NULL)
#23 /Users/josephdalughut/Workspace/Projects/Portfolio/newportfolio/portfolio/vendor/laravel/framework/src/Illuminate/Console/Command.php(213): Illuminate\\Container\\Container->call(Array)
#24 /Users/josephdalughut/Workspace/Projects/Portfolio/newportfolio/portfolio/vendor/symfony/console/Command/Command.php(279): Illuminate\\Console\\Command->execute(Object(Symfony\\Component\\Console\\Input\\ArgvInput), Object(Illuminate\\Console\\OutputStyle))
#25 /Users/josephdalughut/Workspace/Projects/Portfolio/newportfolio/portfolio/vendor/laravel/framework/src/Illuminate/Console/Command.php(182): Symfony\\Component\\Console\\Command\\Command->run(Object(Symfony\\Component\\Console\\Input\\ArgvInput), Object(Illuminate\\Console\\OutputStyle))
#26 /Users/josephdalughut/Workspace/Projects/Portfolio/newportfolio/portfolio/vendor/symfony/console/Application.php(1047): Illuminate\\Console\\Command->run(Object(Symfony\\Component\\Console\\Input\\ArgvInput), Object(Symfony\\Component\\Console\\Output\\ConsoleOutput))
#27 /Users/josephdalughut/Workspace/Projects/Portfolio/newportfolio/portfolio/vendor/symfony/console/Application.php(316): Symfony\\Component\\Console\\Application->doRunCommand(Object(Illuminate\\Database\\Console\\Seeds\\SeedCommand), Object(Symfony\\Component\\Console\\Input\\ArgvInput), Object(Symfony\\Component\\Console\\Output\\ConsoleOutput))
#28 /Users/josephdalughut/Workspace/Projects/Portfolio/newportfolio/portfolio/vendor/symfony/console/Application.php(167): Symfony\\Component\\Console\\Application->doRun(Object(Symfony\\Component\\Console\\Input\\ArgvInput), Object(Symfony\\Component\\Console\\Output\\ConsoleOutput))
#29 /Users/josephdalughut/Workspace/Projects/Portfolio/newportfolio/portfolio/vendor/laravel/framework/src/Illuminate/Foundation/Console/Kernel.php(196): Symfony\\Component\\Console\\Application->run(Object(Symfony\\Component\\Console\\Input\\ArgvInput), Object(Symfony\\Component\\Console\\Output\\ConsoleOutput))
#30 /Users/josephdalughut/Workspace/Projects/Portfolio/newportfolio/portfolio/artisan(35): Illuminate\\Foundation\\Console\\Kernel->handle(Object(Symfony\\Component\\Console\\Input\\ArgvInput), Object(Symfony\\Component\\Console\\Output\\ConsoleOutput))
#31 {main}
"} 
[2024-06-15 22:37:20] development.ERROR: Target class [Database\Seeders\MetaSeeder] does not exist. {"exception":"[object] (Illuminate\\Contracts\\Container\\BindingResolutionException(code: 0): Target class [Database\\Seeders\\MetaSeeder] does not exist. at /Users/josephdalughut/Workspace/Projects/Portfolio/newportfolio/portfolio/vendor/laravel/framework/src/Illuminate/Container/Container.php:906)
[stacktrace]
#0 /Users/josephdalughut/Workspace/Projects/Portfolio/newportfolio/portfolio/vendor/laravel/framework/src/Illuminate/Container/Container.php(787): Illuminate\\Container\\Container->build('Database\\\\Seeder...')
#1 /Users/josephdalughut/Workspace/Projects/Portfolio/newportfolio/portfolio/vendor/laravel/framework/src/Illuminate/Foundation/Application.php(1041): Illuminate\\Container\\Container->resolve('Database\\\\Seeder...', Array, true)
#2 /Users/josephdalughut/Workspace/Projects/Portfolio/newportfolio/portfolio/vendor/laravel/framework/src/Illuminate/Container/Container.php(723): Illuminate\\Foundation\\Application->resolve('Database\\\\Seeder...', Array)
#3 /Users/josephdalughut/Workspace/Projects/Portfolio/newportfolio/portfolio/vendor/laravel/framework/src/Illuminate/Foundation/Application.php(1026): Illuminate\\Container\\Container->make('Database\\\\Seeder...', Array)
#4 /Users/josephdalughut/Workspace/Projects/Portfolio/newportfolio/portfolio/vendor/laravel/framework/src/Illuminate/Database/Seeder.php(129): Illuminate\\Foundation\\Application->make('Database\\\\Seeder...')
#5 /Users/josephdalughut/Workspace/Projects/Portfolio/newportfolio/portfolio/vendor/laravel/framework/src/Illuminate/Database/Seeder.php(48): Illuminate\\Database\\Seeder->resolve('Database\\\\Seeder...')
#6 /Users/josephdalughut/Workspace/Projects/Portfolio/newportfolio/portfolio/database/seeds/DatabaseSeeder.php(15): Illuminate\\Database\\Seeder->call('Database\\\\Seeder...')
#7 /Users/josephdalughut/Workspace/Projects/Portfolio/newportfolio/portfolio/vendor/laravel/framework/src/Illuminate/Container/BoundMethod.php(36): Database\\Seeders\\DatabaseSeeder->run()
#8 /Users/josephdalughut/Workspace/Projects/Portfolio/newportfolio/portfolio/vendor/laravel/framework/src/Illuminate/Container/Util.php(41): Illuminate\\Container\\BoundMethod::Illuminate\\Container\\{closure}()
#9 /Users/josephdalughut/Workspace/Projects/Portfolio/newportfolio/portfolio/vendor/laravel/framework/src/Illuminate/Container/BoundMethod.php(93): Illuminate\\Container\\Util::unwrapIfClosure(Object(Closure))
#10 /Users/josephdalughut/Workspace/Projects/Portfolio/newportfolio/portfolio/vendor/laravel/framework/src/Illuminate/Container/BoundMethod.php(35): Illuminate\\Container\\BoundMethod::callBoundMethod(Object(Illuminate\\Foundation\\Application), Array, Object(Closure))
#11 /Users/josephdalughut/Workspace/Projects/Portfolio/newportfolio/portfolio/vendor/laravel/framework/src/Illuminate/Container/Container.php(662): Illuminate\\Container\\BoundMethod::call(Object(Illuminate\\Foundation\\Application), Array, Array, NULL)
#12 /Users/josephdalughut/Workspace/Projects/Portfolio/newportfolio/portfolio/vendor/laravel/framework/src/Illuminate/Database/Seeder.php(184): Illuminate\\Container\\Container->call(Array, Array)
#13 /Users/josephdalughut/Workspace/Projects/Portfolio/newportfolio/portfolio/vendor/laravel/framework/src/Illuminate/Database/Seeder.php(193): Illuminate\\Database\\Seeder->Illuminate\\Database\\{closure}()
#14 /Users/josephdalughut/Workspace/Projects/Portfolio/newportfolio/portfolio/vendor/laravel/framework/src/Illuminate/Database/Console/Seeds/SeedCommand.php(70): Illuminate\\Database\\Seeder->__invoke()
#15 /Users/josephdalughut/Workspace/Projects/Portfolio/newportfolio/portfolio/vendor/laravel/framework/src/Illuminate/Database/Eloquent/Concerns/GuardsAttributes.php(155): Illuminate\\Database\\Console\\Seeds\\SeedCommand->Illuminate\\Database\\Console\\Seeds\\{closure}()
#16 /Users/josephdalughut/Workspace/Projects/Portfolio/newportfolio/portfolio/vendor/laravel/framework/src/Illuminate/Database/Console/Seeds/SeedCommand.php(69): Illuminate\\Database\\Eloquent\\Model::unguarded(Object(Closure))
#17 /Users/josephdalughut/Workspace/Projects/Portfolio/newportfolio/portfolio/vendor/laravel/framework/src/Illuminate/Container/BoundMethod.php(36): Illuminate\\Database\\Console\\Seeds\\SeedCommand->handle()
#18 /Users/josephdalughut/Workspace/Projects/Portfolio/newportfolio/portfolio/vendor/laravel/framework/src/Illuminate/Container/Util.php(41): Illuminate\\Container\\BoundMethod::Illuminate\\Container\\{closure}()
#19 /Users/josephdalughut/Workspace/Projects/Portfolio/newportfolio/portfolio/vendor/laravel/framework/src/Illuminate/Container/BoundMethod.php(93): Illuminate\\Container\\Util::unwrapIfClosure(Object(Closure))
#20 /Users/josephdalughut/Workspace/Projects/Portfolio/newportfolio/portfolio/vendor/laravel/framework/src/Illuminate/Container/BoundMethod.php(35): Illuminate\\Container\\BoundMethod::callBoundMethod(Object(Illuminate\\Foundation\\Application), Array, Object(Closure))
#21 /Users/josephdalughut/Workspace/Projects/Portfolio/newportfolio/portfolio/vendor/laravel/framework/src/Illuminate/Container/Container.php(662): Illuminate\\Container\\BoundMethod::call(Object(Illuminate\\Foundation\\Application), Array, Array, NULL)
#22 /Users/josephdalughut/Workspace/Projects/Portfolio/newportfolio/portfolio/vendor/laravel/framework/src/Illuminate/Console/Command.php(213): Illuminate\\Container\\Container->call(Array)
#23 /Users/josephdalughut/Workspace/Projects/Portfolio/newportfolio/portfolio/vendor/symfony/console/Command/Command.php(279): Illuminate\\Console\\Command->execute(Object(Symfony\\Component\\Console\\Input\\ArgvInput), Object(Illuminate\\Console\\OutputStyle))
#24 /Users/josephdalughut/Workspace/Projects/Portfolio/newportfolio/portfolio/vendor/laravel/framework/src/Illuminate/Console/Command.php(182): Symfony\\Component\\Console\\Command\\Command->run(Object(Symfony\\Component\\Console\\Input\\ArgvInput), Object(Illuminate\\Console\\OutputStyle))
#25 /Users/josephdalughut/Workspace/Projects/Portfolio/newportfolio/portfolio/vendor/symfony/console/Application.php(1047): Illuminate\\Console\\Command->run(Object(Symfony\\Component\\Console\\Input\\ArgvInput), Object(Symfony\\Component\\Console\\Output\\ConsoleOutput))
#26 /Users/josephdalughut/Workspace/Projects/Portfolio/newportfolio/portfolio/vendor/symfony/console/Application.php(316): Symfony\\Component\\Console\\Application->doRunCommand(Object(Illuminate\\Database\\Console\\Seeds\\SeedCommand), Object(Symfony\\Component\\Console\\Input\\ArgvInput), Object(Symfony\\Component\\Console\\Output\\ConsoleOutput))
#27 /Users/josephdalughut/Workspace/Projects/Portfolio/newportfolio/portfolio/vendor/symfony/console/Application.php(167): Symfony\\Component\\Console\\Application->doRun(Object(Symfony\\Component\\Console\\Input\\ArgvInput), Object(Symfony\\Component\\Console\\Output\\ConsoleOutput))
#28 /Users/josephdalughut/Workspace/Projects/Portfolio/newportfolio/portfolio/vendor/laravel/framework/src/Illuminate/Foundation/Console/Kernel.php(196): Symfony\\Component\\Console\\Application->run(Object(Symfony\\Component\\Console\\Input\\ArgvInput), Object(Symfony\\Component\\Console\\Output\\ConsoleOutput))
#29 /Users/josephdalughut/Workspace/Projects/Portfolio/newportfolio/portfolio/artisan(35): Illuminate\\Foundation\\Console\\Kernel->handle(Object(Symfony\\Component\\Console\\Input\\ArgvInput), Object(Symfony\\Component\\Console\\Output\\ConsoleOutput))
#30 {main}

[previous exception] [object] (ReflectionException(code: -1): Class \"Database\\Seeders\\MetaSeeder\" does not exist at /Users/josephdalughut/Workspace/Projects/Portfolio/newportfolio/portfolio/vendor/laravel/framework/src/Illuminate/Container/Container.php:904)
[stacktrace]
#0 /Users/josephdalughut/Workspace/Projects/Portfolio/newportfolio/portfolio/vendor/laravel/framework/src/Illuminate/Container/Container.php(904): ReflectionClass->__construct('Database\\\\Seeder...')
#1 /Users/josephdalughut/Workspace/Projects/Portfolio/newportfolio/portfolio/vendor/laravel/framework/src/Illuminate/Container/Container.php(787): Illuminate\\Container\\Container->build('Database\\\\Seeder...')
#2 /Users/josephdalughut/Workspace/Projects/Portfolio/newportfolio/portfolio/vendor/laravel/framework/src/Illuminate/Foundation/Application.php(1041): Illuminate\\Container\\Container->resolve('Database\\\\Seeder...', Array, true)
#3 /Users/josephdalughut/Workspace/Projects/Portfolio/newportfolio/portfolio/vendor/laravel/framework/src/Illuminate/Container/Container.php(723): Illuminate\\Foundation\\Application->resolve('Database\\\\Seeder...', Array)
#4 /Users/josephdalughut/Workspace/Projects/Portfolio/newportfolio/portfolio/vendor/laravel/framework/src/Illuminate/Foundation/Application.php(1026): Illuminate\\Container\\Container->make('Database\\\\Seeder...', Array)
#5 /Users/josephdalughut/Workspace/Projects/Portfolio/newportfolio/portfolio/vendor/laravel/framework/src/Illuminate/Database/Seeder.php(129): Illuminate\\Foundation\\Application->make('Database\\\\Seeder...')
#6 /Users/josephdalughut/Workspace/Projects/Portfolio/newportfolio/portfolio/vendor/laravel/framework/src/Illuminate/Database/Seeder.php(48): Illuminate\\Database\\Seeder->resolve('Database\\\\Seeder...')
#7 /Users/josephdalughut/Workspace/Projects/Portfolio/newportfolio/portfolio/database/seeds/DatabaseSeeder.php(15): Illuminate\\Database\\Seeder->call('Database\\\\Seeder...')
#8 /Users/josephdalughut/Workspace/Projects/Portfolio/newportfolio/portfolio/vendor/laravel/framework/src/Illuminate/Container/BoundMethod.php(36): Database\\Seeders\\DatabaseSeeder->run()
#9 /Users/josephdalughut/Workspace/Projects/Portfolio/newportfolio/portfolio/vendor/laravel/framework/src/Illuminate/Container/Util.php(41): Illuminate\\Container\\BoundMethod::Illuminate\\Container\\{closure}()
#10 /Users/josephdalughut/Workspace/Projects/Portfolio/newportfolio/portfolio/vendor/laravel/framework/src/Illuminate/Container/BoundMethod.php(93): Illuminate\\Container\\Util::unwrapIfClosure(Object(Closure))
#11 /Users/josephdalughut/Workspace/Projects/Portfolio/newportfolio/portfolio/vendor/laravel/framework/src/Illuminate/Container/BoundMethod.php(35): Illuminate\\Container\\BoundMethod::callBoundMethod(Object(Illuminate\\Foundation\\Application), Array, Object(Closure))
#12 /Users/josephdalughut/Workspace/Projects/Portfolio/newportfolio/portfolio/vendor/laravel/framework/src/Illuminate/Container/Container.php(662): Illuminate\\Container\\BoundMethod::call(Object(Illuminate\\Foundation\\Application), Array, Array, NULL)
#13 /Users/josephdalughut/Workspace/Projects/Portfolio/newportfolio/portfolio/vendor/laravel/framework/src/Illuminate/Database/Seeder.php(184): Illuminate\\Container\\Container->call(Array, Array)
#14 /Users/josephdalughut/Workspace/Projects/Portfolio/newportfolio/portfolio/vendor/laravel/framework/src/Illuminate/Database/Seeder.php(193): Illuminate\\Database\\Seeder->Illuminate\\Database\\{closure}()
#15 /Users/josephdalughut/Workspace/Projects/Portfolio/newportfolio/portfolio/vendor/laravel/framework/src/Illuminate/Database/Console/Seeds/SeedCommand.php(70): Illuminate\\Database\\Seeder->__invoke()
#16 /Users/josephdalughut/Workspace/Projects/Portfolio/newportfolio/portfolio/vendor/laravel/framework/src/Illuminate/Database/Eloquent/Concerns/GuardsAttributes.php(155): Illuminate\\Database\\Console\\Seeds\\SeedCommand->Illuminate\\Database\\Console\\Seeds\\{closure}()
#17 /Users/josephdalughut/Workspace/Projects/Portfolio/newportfolio/portfolio/vendor/laravel/framework/src/Illuminate/Database/Console/Seeds/SeedCommand.php(69): Illuminate\\Database\\Eloquent\\Model::unguarded(Object(Closure))
#18 /Users/josephdalughut/Workspace/Projects/Portfolio/newportfolio/portfolio/vendor/laravel/framework/src/Illuminate/Container/BoundMethod.php(36): Illuminate\\Database\\Console\\Seeds\\SeedCommand->handle()
#19 /Users/josephdalughut/Workspace/Projects/Portfolio/newportfolio/portfolio/vendor/laravel/framework/src/Illuminate/Container/Util.php(41): Illuminate\\Container\\BoundMethod::Illuminate\\Container\\{closure}()
#20 /Users/josephdalughut/Workspace/Projects/Portfolio/newportfolio/portfolio/vendor/laravel/framework/src/Illuminate/Container/BoundMethod.php(93): Illuminate\\Container\\Util::unwrapIfClosure(Object(Closure))
#21 /Users/josephdalughut/Workspace/Projects/Portfolio/newportfolio/portfolio/vendor/laravel/framework/src/Illuminate/Container/BoundMethod.php(35): Illuminate\\Container\\BoundMethod::callBoundMethod(Object(Illuminate\\Foundation\\Application), Array, Object(Closure))
#22 /Users/josephdalughut/Workspace/Projects/Portfolio/newportfolio/portfolio/vendor/laravel/framework/src/Illuminate/Container/Container.php(662): Illuminate\\Container\\BoundMethod::call(Object(Illuminate\\Foundation\\Application), Array, Array, NULL)
#23 /Users/josephdalughut/Workspace/Projects/Portfolio/newportfolio/portfolio/vendor/laravel/framework/src/Illuminate/Console/Command.php(213): Illuminate\\Container\\Container->call(Array)
#24 /Users/josephdalughut/Workspace/Projects/Portfolio/newportfolio/portfolio/vendor/symfony/console/Command/Command.php(279): Illuminate\\Console\\Command->execute(Object(Symfony\\Component\\Console\\Input\\ArgvInput), Object(Illuminate\\Console\\OutputStyle))
#25 /Users/josephdalughut/Workspace/Projects/Portfolio/newportfolio/portfolio/vendor/laravel/framework/src/Illuminate/Console/Command.php(182): Symfony\\Component\\Console\\Command\\Command->run(Object(Symfony\\Component\\Console\\Input\\ArgvInput), Object(Illuminate\\Console\\OutputStyle))
#26 /Users/josephdalughut/Workspace/Projects/Portfolio/newportfolio/portfolio/vendor/symfony/console/Application.php(1047): Illuminate\\Console\\Command->run(Object(Symfony\\Component\\Console\\Input\\ArgvInput), Object(Symfony\\Component\\Console\\Output\\ConsoleOutput))
#27 /Users/josephdalughut/Workspace/Projects/Portfolio/newportfolio/portfolio/vendor/symfony/console/Application.php(316): Symfony\\Component\\Console\\Application->doRunCommand(Object(Illuminate\\Database\\Console\\Seeds\\SeedCommand), Object(Symfony\\Component\\Console\\Input\\ArgvInput), Object(Symfony\\Component\\Console\\Output\\ConsoleOutput))
#28 /Users/josephdalughut/Workspace/Projects/Portfolio/newportfolio/portfolio/vendor/symfony/console/Application.php(167): Symfony\\Component\\Console\\Application->doRun(Object(Symfony\\Component\\Console\\Input\\ArgvInput), Object(Symfony\\Component\\Console\\Output\\ConsoleOutput))
#29 /Users/josephdalughut/Workspace/Projects/Portfolio/newportfolio/portfolio/vendor/laravel/framework/src/Illuminate/Foundation/Console/Kernel.php(196): Symfony\\Component\\Console\\Application->run(Object(Symfony\\Component\\Console\\Input\\ArgvInput), Object(Symfony\\Component\\Console\\Output\\ConsoleOutput))
#30 /Users/josephdalughut/Workspace/Projects/Portfolio/newportfolio/portfolio/artisan(35): Illuminate\\Foundation\\Console\\Kernel->handle(Object(Symfony\\Component\\Console\\Input\\ArgvInput), Object(Symfony\\Component\\Console\\Output\\ConsoleOutput))
#31 {main}
"} 
[2024-06-15 22:38:32] development.ERROR: Class "App\Scopes\EnabledScope" not found {"exception":"[object] (Error(code: 0): Class \"App\\Scopes\\EnabledScope\" not found at /Users/josephdalughut/Workspace/Projects/Portfolio/newportfolio/portfolio/app/Meta.php:24)
[stacktrace]
#0 /Users/josephdalughut/Workspace/Projects/Portfolio/newportfolio/portfolio/vendor/laravel/framework/src/Illuminate/Database/Eloquent/Model.php(258): App\\Meta::boot()
#1 /Users/josephdalughut/Workspace/Projects/Portfolio/newportfolio/portfolio/vendor/laravel/framework/src/Illuminate/Database/Eloquent/Model.php(236): Illuminate\\Database\\Eloquent\\Model->bootIfNotBooted()
#2 /Users/josephdalughut/Workspace/Projects/Portfolio/newportfolio/portfolio/database/seeds/MetaSeeder.php(19): Illuminate\\Database\\Eloquent\\Model->__construct(Array)
#3 /Users/josephdalughut/Workspace/Projects/Portfolio/newportfolio/portfolio/vendor/laravel/framework/src/Illuminate/Container/BoundMethod.php(36): Database\\Seeders\\MetaSeeder->run()
#4 /Users/josephdalughut/Workspace/Projects/Portfolio/newportfolio/portfolio/vendor/laravel/framework/src/Illuminate/Container/Util.php(41): Illuminate\\Container\\BoundMethod::Illuminate\\Container\\{closure}()
#5 /Users/josephdalughut/Workspace/Projects/Portfolio/newportfolio/portfolio/vendor/laravel/framework/src/Illuminate/Container/BoundMethod.php(93): Illuminate\\Container\\Util::unwrapIfClosure(Object(Closure))
#6 /Users/josephdalughut/Workspace/Projects/Portfolio/newportfolio/portfolio/vendor/laravel/framework/src/Illuminate/Container/BoundMethod.php(35): Illuminate\\Container\\BoundMethod::callBoundMethod(Object(Illuminate\\Foundation\\Application), Array, Object(Closure))
#7 /Users/josephdalughut/Workspace/Projects/Portfolio/newportfolio/portfolio/vendor/laravel/framework/src/Illuminate/Container/Container.php(662): Illuminate\\Container\\BoundMethod::call(Object(Illuminate\\Foundation\\Application), Array, Array, NULL)
#8 /Users/josephdalughut/Workspace/Projects/Portfolio/newportfolio/portfolio/vendor/laravel/framework/src/Illuminate/Database/Seeder.php(184): Illuminate\\Container\\Container->call(Array, Array)
#9 /Users/josephdalughut/Workspace/Projects/Portfolio/newportfolio/portfolio/vendor/laravel/framework/src/Illuminate/Database/Seeder.php(193): Illuminate\\Database\\Seeder->Illuminate\\Database\\{closure}()
#10 /Users/josephdalughut/Workspace/Projects/Portfolio/newportfolio/portfolio/vendor/laravel/framework/src/Illuminate/Database/Seeder.php(61): Illuminate\\Database\\Seeder->__invoke(Array)
#11 /Users/josephdalughut/Workspace/Projects/Portfolio/newportfolio/portfolio/database/seeds/DatabaseSeeder.php(15): Illuminate\\Database\\Seeder->call('Database\\\\Seeder...')
#12 /Users/josephdalughut/Workspace/Projects/Portfolio/newportfolio/portfolio/vendor/laravel/framework/src/Illuminate/Container/BoundMethod.php(36): Database\\Seeders\\DatabaseSeeder->run()
#13 /Users/josephdalughut/Workspace/Projects/Portfolio/newportfolio/portfolio/vendor/laravel/framework/src/Illuminate/Container/Util.php(41): Illuminate\\Container\\BoundMethod::Illuminate\\Container\\{closure}()
#14 /Users/josephdalughut/Workspace/Projects/Portfolio/newportfolio/portfolio/vendor/laravel/framework/src/Illuminate/Container/BoundMethod.php(93): Illuminate\\Container\\Util::unwrapIfClosure(Object(Closure))
#15 /Users/josephdalughut/Workspace/Projects/Portfolio/newportfolio/portfolio/vendor/laravel/framework/src/Illuminate/Container/BoundMethod.php(35): Illuminate\\Container\\BoundMethod::callBoundMethod(Object(Illuminate\\Foundation\\Application), Array, Object(Closure))
#16 /Users/josephdalughut/Workspace/Projects/Portfolio/newportfolio/portfolio/vendor/laravel/framework/src/Illuminate/Container/Container.php(662): Illuminate\\Container\\BoundMethod::call(Object(Illuminate\\Foundation\\Application), Array, Array, NULL)
#17 /Users/josephdalughut/Workspace/Projects/Portfolio/newportfolio/portfolio/vendor/laravel/framework/src/Illuminate/Database/Seeder.php(184): Illuminate\\Container\\Container->call(Array, Array)
#18 /Users/josephdalughut/Workspace/Projects/Portfolio/newportfolio/portfolio/vendor/laravel/framework/src/Illuminate/Database/Seeder.php(193): Illuminate\\Database\\Seeder->Illuminate\\Database\\{closure}()
#19 /Users/josephdalughut/Workspace/Projects/Portfolio/newportfolio/portfolio/vendor/laravel/framework/src/Illuminate/Database/Console/Seeds/SeedCommand.php(70): Illuminate\\Database\\Seeder->__invoke()
#20 /Users/josephdalughut/Workspace/Projects/Portfolio/newportfolio/portfolio/vendor/laravel/framework/src/Illuminate/Database/Eloquent/Concerns/GuardsAttributes.php(155): Illuminate\\Database\\Console\\Seeds\\SeedCommand->Illuminate\\Database\\Console\\Seeds\\{closure}()
#21 /Users/josephdalughut/Workspace/Projects/Portfolio/newportfolio/portfolio/vendor/laravel/framework/src/Illuminate/Database/Console/Seeds/SeedCommand.php(69): Illuminate\\Database\\Eloquent\\Model::unguarded(Object(Closure))
#22 /Users/josephdalughut/Workspace/Projects/Portfolio/newportfolio/portfolio/vendor/laravel/framework/src/Illuminate/Container/BoundMethod.php(36): Illuminate\\Database\\Console\\Seeds\\SeedCommand->handle()
#23 /Users/josephdalughut/Workspace/Projects/Portfolio/newportfolio/portfolio/vendor/laravel/framework/src/Illuminate/Container/Util.php(41): Illuminate\\Container\\BoundMethod::Illuminate\\Container\\{closure}()
#24 /Users/josephdalughut/Workspace/Projects/Portfolio/newportfolio/portfolio/vendor/laravel/framework/src/Illuminate/Container/BoundMethod.php(93): Illuminate\\Container\\Util::unwrapIfClosure(Object(Closure))
#25 /Users/josephdalughut/Workspace/Projects/Portfolio/newportfolio/portfolio/vendor/laravel/framework/src/Illuminate/Container/BoundMethod.php(35): Illuminate\\Container\\BoundMethod::callBoundMethod(Object(Illuminate\\Foundation\\Application), Array, Object(Closure))
#26 /Users/josephdalughut/Workspace/Projects/Portfolio/newportfolio/portfolio/vendor/laravel/framework/src/Illuminate/Container/Container.php(662): Illuminate\\Container\\BoundMethod::call(Object(Illuminate\\Foundation\\Application), Array, Array, NULL)
#27 /Users/josephdalughut/Workspace/Projects/Portfolio/newportfolio/portfolio/vendor/laravel/framework/src/Illuminate/Console/Command.php(213): Illuminate\\Container\\Container->call(Array)
#28 /Users/josephdalughut/Workspace/Projects/Portfolio/newportfolio/portfolio/vendor/symfony/console/Command/Command.php(279): Illuminate\\Console\\Command->execute(Object(Symfony\\Component\\Console\\Input\\ArgvInput), Object(Illuminate\\Console\\OutputStyle))
#29 /Users/josephdalughut/Workspace/Projects/Portfolio/newportfolio/portfolio/vendor/laravel/framework/src/Illuminate/Console/Command.php(182): Symfony\\Component\\Console\\Command\\Command->run(Object(Symfony\\Component\\Console\\Input\\ArgvInput), Object(Illuminate\\Console\\OutputStyle))
#30 /Users/josephdalughut/Workspace/Projects/Portfolio/newportfolio/portfolio/vendor/symfony/console/Application.php(1047): Illuminate\\Console\\Command->run(Object(Symfony\\Component\\Console\\Input\\ArgvInput), Object(Symfony\\Component\\Console\\Output\\ConsoleOutput))
#31 /Users/josephdalughut/Workspace/Projects/Portfolio/newportfolio/portfolio/vendor/symfony/console/Application.php(316): Symfony\\Component\\Console\\Application->doRunCommand(Object(Illuminate\\Database\\Console\\Seeds\\SeedCommand), Object(Symfony\\Component\\Console\\Input\\ArgvInput), Object(Symfony\\Component\\Console\\Output\\ConsoleOutput))
#32 /Users/josephdalughut/Workspace/Projects/Portfolio/newportfolio/portfolio/vendor/symfony/console/Application.php(167): Symfony\\Component\\Console\\Application->doRun(Object(Symfony\\Component\\Console\\Input\\ArgvInput), Object(Symfony\\Component\\Console\\Output\\ConsoleOutput))
#33 /Users/josephdalughut/Workspace/Projects/Portfolio/newportfolio/portfolio/vendor/laravel/framework/src/Illuminate/Foundation/Console/Kernel.php(196): Symfony\\Component\\Console\\Application->run(Object(Symfony\\Component\\Console\\Input\\ArgvInput), Object(Symfony\\Component\\Console\\Output\\ConsoleOutput))
#34 /Users/josephdalughut/Workspace/Projects/Portfolio/newportfolio/portfolio/artisan(35): Illuminate\\Foundation\\Console\\Kernel->handle(Object(Symfony\\Component\\Console\\Input\\ArgvInput), Object(Symfony\\Component\\Console\\Output\\ConsoleOutput))
#35 {main}
"} 
