[2024-10-16 10:18:06] development.ERROR: SQLSTATE[42S01]: Base table or view already exists: 1050 Table 'metas' already exists (Connection: mysql, SQL: create table `metas` (`id` int unsigned not null auto_increment primary key, `portfolio_title` varchar(255) not null, `portfolio_subtitle` varchar(255) null, `portfolio_description` text null, `portfolio_footer` text null, `enabled` tinyint(1) not null default '1', `created_at` timestamp null, `updated_at` timestamp null) default character set utf8mb4 collate 'utf8mb4_unicode_ci') {"exception":"[object] (Illuminate\\Database\\QueryException(code: 42S01): SQLSTATE[42S01]: Base table or view already exists: 1050 Table 'metas' already exists (Connection: mysql, SQL: create table `metas` (`id` int unsigned not null auto_increment primary key, `portfolio_title` varchar(255) not null, `portfolio_subtitle` varchar(255) null, `portfolio_description` text null, `portfolio_footer` text null, `enabled` tinyint(1) not null default '1', `created_at` timestamp null, `updated_at` timestamp null) default character set utf8mb4 collate 'utf8mb4_unicode_ci') at /Users/josephdalughut/Workspace/Projects/Portfolio/newportfolio/portfolio/vendor/laravel/framework/src/Illuminate/Database/Connection.php:813)
[stacktrace]
#0 /Users/josephdalughut/Workspace/Projects/Portfolio/newportfolio/portfolio/vendor/laravel/framework/src/Illuminate/Database/Connection.php(767): Illuminate\\Database\\Connection->runQueryCallback('create table `m...', Array, Object(Closure))
#1 /Users/josephdalughut/Workspace/Projects/Portfolio/newportfolio/portfolio/vendor/laravel/framework/src/Illuminate/Database/Connection.php(560): Illuminate\\Database\\Connection->run('create table `m...', Array, Object(Closure))
#2 /Users/josephdalughut/Workspace/Projects/Portfolio/newportfolio/portfolio/vendor/laravel/framework/src/Illuminate/Database/Schema/Blueprint.php(109): Illuminate\\Database\\Connection->statement('create table `m...')
#3 /Users/josephdalughut/Workspace/Projects/Portfolio/newportfolio/portfolio/vendor/laravel/framework/src/Illuminate/Database/Schema/Builder.php(564): Illuminate\\Database\\Schema\\Blueprint->build(Object(Illuminate\\Database\\MySqlConnection), Object(Illuminate\\Database\\Schema\\Grammars\\MySqlGrammar))
#4 /Users/josephdalughut/Workspace/Projects/Portfolio/newportfolio/portfolio/vendor/laravel/framework/src/Illuminate/Database/Schema/Builder.php(418): Illuminate\\Database\\Schema\\Builder->build(Object(Illuminate\\Database\\Schema\\Blueprint))
#5 /Users/josephdalughut/Workspace/Projects/Portfolio/newportfolio/portfolio/vendor/laravel/framework/src/Illuminate/Support/Facades/Facade.php(357): Illuminate\\Database\\Schema\\Builder->create('metas', Object(Closure))
#6 /Users/josephdalughut/Workspace/Projects/Portfolio/newportfolio/portfolio/database/migrations/2018_11_30_080854_create_metas_table.php(18): Illuminate\\Support\\Facades\\Facade::__callStatic('create', Array)
#7 /Users/josephdalughut/Workspace/Projects/Portfolio/newportfolio/portfolio/vendor/laravel/framework/src/Illuminate/Database/Migrations/Migrator.php(476): CreateMetasTable->up()
#8 /Users/josephdalughut/Workspace/Projects/Portfolio/newportfolio/portfolio/vendor/laravel/framework/src/Illuminate/Database/Migrations/Migrator.php(402): Illuminate\\Database\\Migrations\\Migrator->runMethod(Object(Illuminate\\Database\\MySqlConnection), Object(CreateMetasTable), 'up')
#9 /Users/josephdalughut/Workspace/Projects/Portfolio/newportfolio/portfolio/vendor/laravel/framework/src/Illuminate/Database/Migrations/Migrator.php(411): Illuminate\\Database\\Migrations\\Migrator->Illuminate\\Database\\Migrations\\{closure}()
#10 /Users/josephdalughut/Workspace/Projects/Portfolio/newportfolio/portfolio/vendor/laravel/framework/src/Illuminate/Database/Migrations/Migrator.php(212): Illuminate\\Database\\Migrations\\Migrator->runMigration(Object(CreateMetasTable), 'up')
#11 /Users/josephdalughut/Workspace/Projects/Portfolio/newportfolio/portfolio/vendor/laravel/framework/src/Illuminate/Console/View/Components/Task.php(40): Illuminate\\Database\\Migrations\\Migrator->Illuminate\\Database\\Migrations\\{closure}()
#12 /Users/josephdalughut/Workspace/Projects/Portfolio/newportfolio/portfolio/vendor/laravel/framework/src/Illuminate/Database/Migrations/Migrator.php(739): Illuminate\\Console\\View\\Components\\Task->render('2018_11_30_0808...', Object(Closure))
#13 /Users/josephdalughut/Workspace/Projects/Portfolio/newportfolio/portfolio/vendor/laravel/framework/src/Illuminate/Database/Migrations/Migrator.php(212): Illuminate\\Database\\Migrations\\Migrator->write('Illuminate\\\\Cons...', '2018_11_30_0808...', Object(Closure))
#14 /Users/josephdalughut/Workspace/Projects/Portfolio/newportfolio/portfolio/vendor/laravel/framework/src/Illuminate/Database/Migrations/Migrator.php(179): Illuminate\\Database\\Migrations\\Migrator->runUp('/Users/josephda...', 1, false)
#15 /Users/josephdalughut/Workspace/Projects/Portfolio/newportfolio/portfolio/vendor/laravel/framework/src/Illuminate/Database/Migrations/Migrator.php(122): Illuminate\\Database\\Migrations\\Migrator->runPending(Array, Array)
#16 /Users/josephdalughut/Workspace/Projects/Portfolio/newportfolio/portfolio/vendor/laravel/framework/src/Illuminate/Database/Console/Migrations/MigrateCommand.php(116): Illuminate\\Database\\Migrations\\Migrator->run(Array, Array)
#17 /Users/josephdalughut/Workspace/Projects/Portfolio/newportfolio/portfolio/vendor/laravel/framework/src/Illuminate/Database/Migrations/Migrator.php(616): Illuminate\\Database\\Console\\Migrations\\MigrateCommand->Illuminate\\Database\\Console\\Migrations\\{closure}()
#18 /Users/josephdalughut/Workspace/Projects/Portfolio/newportfolio/portfolio/vendor/laravel/framework/src/Illuminate/Database/Console/Migrations/MigrateCommand.php(109): Illuminate\\Database\\Migrations\\Migrator->usingConnection(NULL, Object(Closure))
#19 /Users/josephdalughut/Workspace/Projects/Portfolio/newportfolio/portfolio/vendor/laravel/framework/src/Illuminate/Database/Console/Migrations/MigrateCommand.php(88): Illuminate\\Database\\Console\\Migrations\\MigrateCommand->runMigrations()
#20 /Users/josephdalughut/Workspace/Projects/Portfolio/newportfolio/portfolio/vendor/laravel/framework/src/Illuminate/Container/BoundMethod.php(36): Illuminate\\Database\\Console\\Migrations\\MigrateCommand->handle()
#21 /Users/josephdalughut/Workspace/Projects/Portfolio/newportfolio/portfolio/vendor/laravel/framework/src/Illuminate/Container/Util.php(41): Illuminate\\Container\\BoundMethod::Illuminate\\Container\\{closure}()
#22 /Users/josephdalughut/Workspace/Projects/Portfolio/newportfolio/portfolio/vendor/laravel/framework/src/Illuminate/Container/BoundMethod.php(93): Illuminate\\Container\\Util::unwrapIfClosure(Object(Closure))
#23 /Users/josephdalughut/Workspace/Projects/Portfolio/newportfolio/portfolio/vendor/laravel/framework/src/Illuminate/Container/BoundMethod.php(35): Illuminate\\Container\\BoundMethod::callBoundMethod(Object(Illuminate\\Foundation\\Application), Array, Object(Closure))
#24 /Users/josephdalughut/Workspace/Projects/Portfolio/newportfolio/portfolio/vendor/laravel/framework/src/Illuminate/Container/Container.php(662): Illuminate\\Container\\BoundMethod::call(Object(Illuminate\\Foundation\\Application), Array, Array, NULL)
#25 /Users/josephdalughut/Workspace/Projects/Portfolio/newportfolio/portfolio/vendor/laravel/framework/src/Illuminate/Console/Command.php(213): Illuminate\\Container\\Container->call(Array)
#26 /Users/josephdalughut/Workspace/Projects/Portfolio/newportfolio/portfolio/vendor/symfony/console/Command/Command.php(279): Illuminate\\Console\\Command->execute(Object(Symfony\\Component\\Console\\Input\\ArrayInput), Object(Illuminate\\Console\\OutputStyle))
#27 /Users/josephdalughut/Workspace/Projects/Portfolio/newportfolio/portfolio/vendor/laravel/framework/src/Illuminate/Console/Command.php(182): Symfony\\Component\\Console\\Command\\Command->run(Object(Symfony\\Component\\Console\\Input\\ArrayInput), Object(Illuminate\\Console\\OutputStyle))
#28 /Users/josephdalughut/Workspace/Projects/Portfolio/newportfolio/portfolio/vendor/laravel/framework/src/Illuminate/Console/Concerns/CallsCommands.php(67): Illuminate\\Console\\Command->run(Object(Symfony\\Component\\Console\\Input\\ArrayInput), Object(Illuminate\\Console\\OutputStyle))
#29 /Users/josephdalughut/Workspace/Projects/Portfolio/newportfolio/portfolio/vendor/laravel/framework/src/Illuminate/Console/Concerns/CallsCommands.php(28): Illuminate\\Console\\Command->runCommand('migrate', Array, Object(Illuminate\\Console\\OutputStyle))
#30 /Users/josephdalughut/Workspace/Projects/Portfolio/newportfolio/portfolio/vendor/laravel/framework/src/Illuminate/Database/Console/Migrations/FreshCommand.php(82): Illuminate\\Console\\Command->call('migrate', Array)
#31 /Users/josephdalughut/Workspace/Projects/Portfolio/newportfolio/portfolio/vendor/laravel/framework/src/Illuminate/Container/BoundMethod.php(36): Illuminate\\Database\\Console\\Migrations\\FreshCommand->handle()
#32 /Users/josephdalughut/Workspace/Projects/Portfolio/newportfolio/portfolio/vendor/laravel/framework/src/Illuminate/Container/Util.php(41): Illuminate\\Container\\BoundMethod::Illuminate\\Container\\{closure}()
#33 /Users/josephdalughut/Workspace/Projects/Portfolio/newportfolio/portfolio/vendor/laravel/framework/src/Illuminate/Container/BoundMethod.php(93): Illuminate\\Container\\Util::unwrapIfClosure(Object(Closure))
#34 /Users/josephdalughut/Workspace/Projects/Portfolio/newportfolio/portfolio/vendor/laravel/framework/src/Illuminate/Container/BoundMethod.php(35): Illuminate\\Container\\BoundMethod::callBoundMethod(Object(Illuminate\\Foundation\\Application), Array, Object(Closure))
#35 /Users/josephdalughut/Workspace/Projects/Portfolio/newportfolio/portfolio/vendor/laravel/framework/src/Illuminate/Container/Container.php(662): Illuminate\\Container\\BoundMethod::call(Object(Illuminate\\Foundation\\Application), Array, Array, NULL)
#36 /Users/josephdalughut/Workspace/Projects/Portfolio/newportfolio/portfolio/vendor/laravel/framework/src/Illuminate/Console/Command.php(213): Illuminate\\Container\\Container->call(Array)
#37 /Users/josephdalughut/Workspace/Projects/Portfolio/newportfolio/portfolio/vendor/symfony/console/Command/Command.php(279): Illuminate\\Console\\Command->execute(Object(Symfony\\Component\\Console\\Input\\ArgvInput), Object(Illuminate\\Console\\OutputStyle))
#38 /Users/josephdalughut/Workspace/Projects/Portfolio/newportfolio/portfolio/vendor/laravel/framework/src/Illuminate/Console/Command.php(182): Symfony\\Component\\Console\\Command\\Command->run(Object(Symfony\\Component\\Console\\Input\\ArgvInput), Object(Illuminate\\Console\\OutputStyle))
#39 /Users/josephdalughut/Workspace/Projects/Portfolio/newportfolio/portfolio/vendor/symfony/console/Application.php(1047): Illuminate\\Console\\Command->run(Object(Symfony\\Component\\Console\\Input\\ArgvInput), Object(Symfony\\Component\\Console\\Output\\ConsoleOutput))
#40 /Users/josephdalughut/Workspace/Projects/Portfolio/newportfolio/portfolio/vendor/symfony/console/Application.php(316): Symfony\\Component\\Console\\Application->doRunCommand(Object(Illuminate\\Database\\Console\\Migrations\\FreshCommand), Object(Symfony\\Component\\Console\\Input\\ArgvInput), Object(Symfony\\Component\\Console\\Output\\ConsoleOutput))
#41 /Users/josephdalughut/Workspace/Projects/Portfolio/newportfolio/portfolio/vendor/symfony/console/Application.php(167): Symfony\\Component\\Console\\Application->doRun(Object(Symfony\\Component\\Console\\Input\\ArgvInput), Object(Symfony\\Component\\Console\\Output\\ConsoleOutput))
#42 /Users/josephdalughut/Workspace/Projects/Portfolio/newportfolio/portfolio/vendor/laravel/framework/src/Illuminate/Foundation/Console/Kernel.php(196): Symfony\\Component\\Console\\Application->run(Object(Symfony\\Component\\Console\\Input\\ArgvInput), Object(Symfony\\Component\\Console\\Output\\ConsoleOutput))
#43 /Users/josephdalughut/Workspace/Projects/Portfolio/newportfolio/portfolio/artisan(35): Illuminate\\Foundation\\Console\\Kernel->handle(Object(Symfony\\Component\\Console\\Input\\ArgvInput), Object(Symfony\\Component\\Console\\Output\\ConsoleOutput))
#44 {main}

[previous exception] [object] (PDOException(code: 42S01): SQLSTATE[42S01]: Base table or view already exists: 1050 Table 'metas' already exists at /Users/josephdalughut/Workspace/Projects/Portfolio/newportfolio/portfolio/vendor/laravel/framework/src/Illuminate/Database/Connection.php:571)
[stacktrace]
#0 /Users/josephdalughut/Workspace/Projects/Portfolio/newportfolio/portfolio/vendor/laravel/framework/src/Illuminate/Database/Connection.php(571): PDOStatement->execute()
#1 /Users/josephdalughut/Workspace/Projects/Portfolio/newportfolio/portfolio/vendor/laravel/framework/src/Illuminate/Database/Connection.php(800): Illuminate\\Database\\Connection->Illuminate\\Database\\{closure}('create table `m...', Array)
#2 /Users/josephdalughut/Workspace/Projects/Portfolio/newportfolio/portfolio/vendor/laravel/framework/src/Illuminate/Database/Connection.php(767): Illuminate\\Database\\Connection->runQueryCallback('create table `m...', Array, Object(Closure))
#3 /Users/josephdalughut/Workspace/Projects/Portfolio/newportfolio/portfolio/vendor/laravel/framework/src/Illuminate/Database/Connection.php(560): Illuminate\\Database\\Connection->run('create table `m...', Array, Object(Closure))
#4 /Users/josephdalughut/Workspace/Projects/Portfolio/newportfolio/portfolio/vendor/laravel/framework/src/Illuminate/Database/Schema/Blueprint.php(109): Illuminate\\Database\\Connection->statement('create table `m...')
#5 /Users/josephdalughut/Workspace/Projects/Portfolio/newportfolio/portfolio/vendor/laravel/framework/src/Illuminate/Database/Schema/Builder.php(564): Illuminate\\Database\\Schema\\Blueprint->build(Object(Illuminate\\Database\\MySqlConnection), Object(Illuminate\\Database\\Schema\\Grammars\\MySqlGrammar))
#6 /Users/josephdalughut/Workspace/Projects/Portfolio/newportfolio/portfolio/vendor/laravel/framework/src/Illuminate/Database/Schema/Builder.php(418): Illuminate\\Database\\Schema\\Builder->build(Object(Illuminate\\Database\\Schema\\Blueprint))
#7 /Users/josephdalughut/Workspace/Projects/Portfolio/newportfolio/portfolio/vendor/laravel/framework/src/Illuminate/Support/Facades/Facade.php(357): Illuminate\\Database\\Schema\\Builder->create('metas', Object(Closure))
#8 /Users/josephdalughut/Workspace/Projects/Portfolio/newportfolio/portfolio/database/migrations/2018_11_30_080854_create_metas_table.php(18): Illuminate\\Support\\Facades\\Facade::__callStatic('create', Array)
#9 /Users/josephdalughut/Workspace/Projects/Portfolio/newportfolio/portfolio/vendor/laravel/framework/src/Illuminate/Database/Migrations/Migrator.php(476): CreateMetasTable->up()
#10 /Users/josephdalughut/Workspace/Projects/Portfolio/newportfolio/portfolio/vendor/laravel/framework/src/Illuminate/Database/Migrations/Migrator.php(402): Illuminate\\Database\\Migrations\\Migrator->runMethod(Object(Illuminate\\Database\\MySqlConnection), Object(CreateMetasTable), 'up')
#11 /Users/josephdalughut/Workspace/Projects/Portfolio/newportfolio/portfolio/vendor/laravel/framework/src/Illuminate/Database/Migrations/Migrator.php(411): Illuminate\\Database\\Migrations\\Migrator->Illuminate\\Database\\Migrations\\{closure}()
#12 /Users/josephdalughut/Workspace/Projects/Portfolio/newportfolio/portfolio/vendor/laravel/framework/src/Illuminate/Database/Migrations/Migrator.php(212): Illuminate\\Database\\Migrations\\Migrator->runMigration(Object(CreateMetasTable), 'up')
#13 /Users/josephdalughut/Workspace/Projects/Portfolio/newportfolio/portfolio/vendor/laravel/framework/src/Illuminate/Console/View/Components/Task.php(40): Illuminate\\Database\\Migrations\\Migrator->Illuminate\\Database\\Migrations\\{closure}()
#14 /Users/josephdalughut/Workspace/Projects/Portfolio/newportfolio/portfolio/vendor/laravel/framework/src/Illuminate/Database/Migrations/Migrator.php(739): Illuminate\\Console\\View\\Components\\Task->render('2018_11_30_0808...', Object(Closure))
#15 /Users/josephdalughut/Workspace/Projects/Portfolio/newportfolio/portfolio/vendor/laravel/framework/src/Illuminate/Database/Migrations/Migrator.php(212): Illuminate\\Database\\Migrations\\Migrator->write('Illuminate\\\\Cons...', '2018_11_30_0808...', Object(Closure))
#16 /Users/josephdalughut/Workspace/Projects/Portfolio/newportfolio/portfolio/vendor/laravel/framework/src/Illuminate/Database/Migrations/Migrator.php(179): Illuminate\\Database\\Migrations\\Migrator->runUp('/Users/josephda...', 1, false)
#17 /Users/josephdalughut/Workspace/Projects/Portfolio/newportfolio/portfolio/vendor/laravel/framework/src/Illuminate/Database/Migrations/Migrator.php(122): Illuminate\\Database\\Migrations\\Migrator->runPending(Array, Array)
#18 /Users/josephdalughut/Workspace/Projects/Portfolio/newportfolio/portfolio/vendor/laravel/framework/src/Illuminate/Database/Console/Migrations/MigrateCommand.php(116): Illuminate\\Database\\Migrations\\Migrator->run(Array, Array)
#19 /Users/josephdalughut/Workspace/Projects/Portfolio/newportfolio/portfolio/vendor/laravel/framework/src/Illuminate/Database/Migrations/Migrator.php(616): Illuminate\\Database\\Console\\Migrations\\MigrateCommand->Illuminate\\Database\\Console\\Migrations\\{closure}()
#20 /Users/josephdalughut/Workspace/Projects/Portfolio/newportfolio/portfolio/vendor/laravel/framework/src/Illuminate/Database/Console/Migrations/MigrateCommand.php(109): Illuminate\\Database\\Migrations\\Migrator->usingConnection(NULL, Object(Closure))
#21 /Users/josephdalughut/Workspace/Projects/Portfolio/newportfolio/portfolio/vendor/laravel/framework/src/Illuminate/Database/Console/Migrations/MigrateCommand.php(88): Illuminate\\Database\\Console\\Migrations\\MigrateCommand->runMigrations()
#22 /Users/josephdalughut/Workspace/Projects/Portfolio/newportfolio/portfolio/vendor/laravel/framework/src/Illuminate/Container/BoundMethod.php(36): Illuminate\\Database\\Console\\Migrations\\MigrateCommand->handle()
#23 /Users/josephdalughut/Workspace/Projects/Portfolio/newportfolio/portfolio/vendor/laravel/framework/src/Illuminate/Container/Util.php(41): Illuminate\\Container\\BoundMethod::Illuminate\\Container\\{closure}()
#24 /Users/josephdalughut/Workspace/Projects/Portfolio/newportfolio/portfolio/vendor/laravel/framework/src/Illuminate/Container/BoundMethod.php(93): Illuminate\\Container\\Util::unwrapIfClosure(Object(Closure))
#25 /Users/josephdalughut/Workspace/Projects/Portfolio/newportfolio/portfolio/vendor/laravel/framework/src/Illuminate/Container/BoundMethod.php(35): Illuminate\\Container\\BoundMethod::callBoundMethod(Object(Illuminate\\Foundation\\Application), Array, Object(Closure))
#26 /Users/josephdalughut/Workspace/Projects/Portfolio/newportfolio/portfolio/vendor/laravel/framework/src/Illuminate/Container/Container.php(662): Illuminate\\Container\\BoundMethod::call(Object(Illuminate\\Foundation\\Application), Array, Array, NULL)
#27 /Users/josephdalughut/Workspace/Projects/Portfolio/newportfolio/portfolio/vendor/laravel/framework/src/Illuminate/Console/Command.php(213): Illuminate\\Container\\Container->call(Array)
#28 /Users/josephdalughut/Workspace/Projects/Portfolio/newportfolio/portfolio/vendor/symfony/console/Command/Command.php(279): Illuminate\\Console\\Command->execute(Object(Symfony\\Component\\Console\\Input\\ArrayInput), Object(Illuminate\\Console\\OutputStyle))
#29 /Users/josephdalughut/Workspace/Projects/Portfolio/newportfolio/portfolio/vendor/laravel/framework/src/Illuminate/Console/Command.php(182): Symfony\\Component\\Console\\Command\\Command->run(Object(Symfony\\Component\\Console\\Input\\ArrayInput), Object(Illuminate\\Console\\OutputStyle))
#30 /Users/josephdalughut/Workspace/Projects/Portfolio/newportfolio/portfolio/vendor/laravel/framework/src/Illuminate/Console/Concerns/CallsCommands.php(67): Illuminate\\Console\\Command->run(Object(Symfony\\Component\\Console\\Input\\ArrayInput), Object(Illuminate\\Console\\OutputStyle))
#31 /Users/josephdalughut/Workspace/Projects/Portfolio/newportfolio/portfolio/vendor/laravel/framework/src/Illuminate/Console/Concerns/CallsCommands.php(28): Illuminate\\Console\\Command->runCommand('migrate', Array, Object(Illuminate\\Console\\OutputStyle))
#32 /Users/josephdalughut/Workspace/Projects/Portfolio/newportfolio/portfolio/vendor/laravel/framework/src/Illuminate/Database/Console/Migrations/FreshCommand.php(82): Illuminate\\Console\\Command->call('migrate', Array)
#33 /Users/josephdalughut/Workspace/Projects/Portfolio/newportfolio/portfolio/vendor/laravel/framework/src/Illuminate/Container/BoundMethod.php(36): Illuminate\\Database\\Console\\Migrations\\FreshCommand->handle()
#34 /Users/josephdalughut/Workspace/Projects/Portfolio/newportfolio/portfolio/vendor/laravel/framework/src/Illuminate/Container/Util.php(41): Illuminate\\Container\\BoundMethod::Illuminate\\Container\\{closure}()
#35 /Users/josephdalughut/Workspace/Projects/Portfolio/newportfolio/portfolio/vendor/laravel/framework/src/Illuminate/Container/BoundMethod.php(93): Illuminate\\Container\\Util::unwrapIfClosure(Object(Closure))
#36 /Users/josephdalughut/Workspace/Projects/Portfolio/newportfolio/portfolio/vendor/laravel/framework/src/Illuminate/Container/BoundMethod.php(35): Illuminate\\Container\\BoundMethod::callBoundMethod(Object(Illuminate\\Foundation\\Application), Array, Object(Closure))
#37 /Users/josephdalughut/Workspace/Projects/Portfolio/newportfolio/portfolio/vendor/laravel/framework/src/Illuminate/Container/Container.php(662): Illuminate\\Container\\BoundMethod::call(Object(Illuminate\\Foundation\\Application), Array, Array, NULL)
#38 /Users/josephdalughut/Workspace/Projects/Portfolio/newportfolio/portfolio/vendor/laravel/framework/src/Illuminate/Console/Command.php(213): Illuminate\\Container\\Container->call(Array)
#39 /Users/josephdalughut/Workspace/Projects/Portfolio/newportfolio/portfolio/vendor/symfony/console/Command/Command.php(279): Illuminate\\Console\\Command->execute(Object(Symfony\\Component\\Console\\Input\\ArgvInput), Object(Illuminate\\Console\\OutputStyle))
#40 /Users/josephdalughut/Workspace/Projects/Portfolio/newportfolio/portfolio/vendor/laravel/framework/src/Illuminate/Console/Command.php(182): Symfony\\Component\\Console\\Command\\Command->run(Object(Symfony\\Component\\Console\\Input\\ArgvInput), Object(Illuminate\\Console\\OutputStyle))
#41 /Users/josephdalughut/Workspace/Projects/Portfolio/newportfolio/portfolio/vendor/symfony/console/Application.php(1047): Illuminate\\Console\\Command->run(Object(Symfony\\Component\\Console\\Input\\ArgvInput), Object(Symfony\\Component\\Console\\Output\\ConsoleOutput))
#42 /Users/josephdalughut/Workspace/Projects/Portfolio/newportfolio/portfolio/vendor/symfony/console/Application.php(316): Symfony\\Component\\Console\\Application->doRunCommand(Object(Illuminate\\Database\\Console\\Migrations\\FreshCommand), Object(Symfony\\Component\\Console\\Input\\ArgvInput), Object(Symfony\\Component\\Console\\Output\\ConsoleOutput))
#43 /Users/josephdalughut/Workspace/Projects/Portfolio/newportfolio/portfolio/vendor/symfony/console/Application.php(167): Symfony\\Component\\Console\\Application->doRun(Object(Symfony\\Component\\Console\\Input\\ArgvInput), Object(Symfony\\Component\\Console\\Output\\ConsoleOutput))
#44 /Users/josephdalughut/Workspace/Projects/Portfolio/newportfolio/portfolio/vendor/laravel/framework/src/Illuminate/Foundation/Console/Kernel.php(196): Symfony\\Component\\Console\\Application->run(Object(Symfony\\Component\\Console\\Input\\ArgvInput), Object(Symfony\\Component\\Console\\Output\\ConsoleOutput))
#45 /Users/josephdalughut/Workspace/Projects/Portfolio/newportfolio/portfolio/artisan(35): Illuminate\\Foundation\\Console\\Kernel->handle(Object(Symfony\\Component\\Console\\Input\\ArgvInput), Object(Symfony\\Component\\Console\\Output\\ConsoleOutput))
#46 {main}
"} 
